#
# A fatal error has been detected by the Java Runtime Environment:
#
#  SIGSEGV (0xb) at pc=0x00007f394fc40b47, pid=11906, tid=0x00007f398cedf700
#
# JRE version: Java(TM) SE Runtime Environment (8.0_161-b12) (build 1.8.0_161-b12)
# Java VM: Java HotSpot(TM) 64-Bit Server VM (25.161-b12 mixed mode linux-amd64 compressed oops)
# Problematic frame:
# C  [i965_dri.so+0x38bb47]
#
# Failed to write core dump. Core dumps have been disabled. To enable core dumping, try "ulimit -c unlimited" before starting Java again
#
# If you would like to submit a bug report, please visit:
#   http://bugreport.java.com/bugreport/crash.jsp
# The crash happened outside the Java Virtual Machine in native code.
# See problematic frame for where to report the bug.
#

---------------  T H R E A D  ---------------

Current thread (0x00007f39a42bc800):  JavaThread "QuantumRenderer-0" daemon [_thread_in_native, id=11924, stack(0x00007f398cddf000,0x00007f398cee0000)]

siginfo: si_signo: 11 (SIGSEGV), si_code: 1 (SEGV_MAPERR), si_addr: 0x0000000000000208

Registers:
RAX=0x0000000000000000, RBX=0x0000000000000001, RCX=0x0000000000000001, RDX=0x0000000000000000
RSP=0x00007f398cedddc0, RBP=0x00007f395150fef0, RSI=0x000000000000004a, RDI=0x0000000000000005
R8 =0x00007f394ffe2dc0, R9 =0x0000000000000001, R10=0x0000000000000000, R11=0x0000000000000000
R12=0x00007f3950126ee8, R13=0x0000000000000000, R14=0x0000000000000de1, R15=0x0000000000000000
RIP=0x00007f394fc40b47, EFLAGS=0x0000000000010246, CSGSFS=0x0000000000000033, ERR=0x0000000000000004
  TRAPNO=0x000000000000000e

Top of Stack: (sp=0x00007f398cedddc0)
0x00007f398cedddc0:   00007f395014b350 000000054fc3742d
0x00007f398cedddd0:   000000000b000000 0000000000000000
0x00007f398ceddde0:   00007f394fffc218 0000000000000000
0x00007f398cedddf0:   00007f3950126ee8 0000000000000012
0x00007f398cedde00:   00007f398ceddf90 0000000000000000
0x00007f398cedde10:   00007f394fffc218 00007f394fc38c6d
0x00007f398cedde20:   00007f398ceddf90 00007f3950126ee8
0x00007f398cedde30:   00007f394fffc218 00007f394fc1994e
0x00007f398cedde40:   00007f398ceddf70 53a17f111272db00
0x00007f398cedde50:   00007f395014ada8 00007f3950126ee8
0x00007f398cedde60:   0000000000000004 53a17f111272db00
0x00007f398cedde70:   0000000000000000 00007f3950126ee8
0x00007f398cedde80:   00007f398ceddf70 00007f398ceddf90
0x00007f398cedde90:   00007f398ceddf90 0000000000000000
0x00007f398ceddea0:   00007f394fffc218 00007f394fbd4300
0x00007f398ceddeb0:   00007f3951b6fbc0 00007f3950126ee8
0x00007f398ceddec0:   0000000000129b70 00007f395014a8e8
0x00007f398cedded0:   00007f39501802c0 0000000000000001
0x00007f398ceddee0:   00007f3951b6fbc0 0000000000000000
0x00007f398ceddef0:   00000000ffffffff 00007f3950126ee8
0x00007f398ceddf00:   0000000000000006 00000000ffffffff
0x00007f398ceddf10:   0000000000000004 00007f394fa2a58c
0x00007f398ceddf20:   0000000000000003 0000000000000000
0x00007f398ceddf30:   0000000000000000 00007f394fa2b1f2
0x00007f398ceddf40:   0000000000000000 00007f394fa2b988
0x00007f398ceddf50:   00000000ffffffff 00007f394fa2b8dd
0x00007f398ceddf60:   0000000000000004 000000004fcbcbec
0x00007f398ceddf70:   0000140300000006 00007f3950185cd0
0x00007f398ceddf80:   0000000000000000 00007f394f9d32e1
0x00007f398ceddf90:   0000000000000704 0000000000000006
0x00007f398ceddfa0:   0000000000000001 53a17f111272db00
0x00007f398ceddfb0:   00007f3950126ee8 53a17f111272db00 

Instructions: (pc=0x00007f394fc40b47)
0x00007f394fc40b27:   02 00 00 48 8b 40 38 44 8b 70 38 49 8b 84 24 38
0x00007f394fc40b37:   4b 02 00 8b 50 50 48 8b 85 88 00 00 00 44 01 fa
0x00007f394fc40b47:   83 b8 08 02 00 00 03 0f 84 dc 01 00 00 89 d0 b9
0x00007f394fc40b57:   20 00 00 00 ba 18 00 00 00 4d 8d 84 84 94 49 02 

Register to memory mapping:

RAX=0x0000000000000000 is an unknown value
RBX=0x0000000000000001 is an unknown value
RCX=0x0000000000000001 is an unknown value
RDX=0x0000000000000000 is an unknown value
RSP=0x00007f398cedddc0 is pointing into the stack for thread: 0x00007f39a42bc800
RBP=0x00007f395150fef0 is an unknown value
RSI=0x000000000000004a is an unknown value
RDI=0x0000000000000005 is an unknown value
R8 =0x00007f394ffe2dc0: <offset 0x72ddc0> in /usr/lib/x86_64-linux-gnu/dri/i965_dri.so at 0x00007f394f8b5000
R9 =0x0000000000000001 is an unknown value
R10=0x0000000000000000 is an unknown value
R11=0x0000000000000000 is an unknown value
R12=0x00007f3950126ee8 is an unknown value
R13=0x0000000000000000 is an unknown value
R14=0x0000000000000de1 is an unknown value
R15=0x0000000000000000 is an unknown value


Stack: [0x00007f398cddf000,0x00007f398cee0000],  sp=0x00007f398cedddc0,  free space=1019k
Native frames: (J=compiled Java code, j=interpreted, Vv=VM code, C=native code)
C  [i965_dri.so+0x38bb47]

Java frames: (J=compiled Java code, j=interpreted, Vv=VM code)
J 1956  com.sun.prism.es2.GLContext.nDrawIndexedQuads(JI[F[B)V (0 bytes) @ 0x00007f39955c2a6c [0x00007f39955c2a00+0x6c]
J 1954 C1 com.sun.prism.es2.ES2Context.renderQuads([F[BI)V (11 bytes) @ 0x00007f39955cc75c [0x00007f39955cc600+0x15c]
J 1390 C1 com.sun.prism.impl.BaseContext.flushVertexBuffer()V (8 bytes) @ 0x00007f3995479b84 [0x00007f39954797e0+0x3a4]
j  com.sun.prism.es2.ES2SwapChain.drawTexture(Lcom/sun/prism/es2/ES2Graphics;Lcom/sun/prism/RTTexture;FFFFFFFF)V+68
j  com.sun.prism.es2.ES2SwapChain.prepare(Lcom/sun/javafx/geom/Rectangle;)Z+146
j  com.sun.javafx.tk.quantum.PresentingPainter.run()V+350
j  java.util.concurrent.Executors$RunnableAdapter.call()Ljava/lang/Object;+4
j  java.util.concurrent.FutureTask.runAndReset()Z+47
j  com.sun.javafx.tk.RenderJob.run()V+1
j  java.util.concurrent.ThreadPoolExecutor.runWorker(Ljava/util/concurrent/ThreadPoolExecutor$Worker;)V+95
j  java.util.concurrent.ThreadPoolExecutor$Worker.run()V+5
j  com.sun.javafx.tk.quantum.QuantumRenderer$PipelineRunnable.run()V+8
j  java.lang.Thread.run()V+11
v  ~StubRoutines::call_stub

---------------  P R O C E S S  ---------------

Java Threads: ( => current thread )
  0x00007f39401b6800 JavaThread "Prism Font Disposer" daemon [_thread_blocked, id=11928, stack(0x00007f394ce85000,0x00007f394cf86000)]
  0x00007f39a435f800 JavaThread "JavaFX-Launcher" [_thread_blocked, id=11927, stack(0x00007f394dbba000,0x00007f394dcbb000)]
  0x00007f39a435c000 JavaThread "JavaFX Application Thread" [_thread_in_native, id=11926, stack(0x00007f394dcbb000,0x00007f394ddbc000)]
  0x00007f39a4358000 JavaThread "Thread-1" daemon [_thread_blocked, id=11925, stack(0x00007f3984032000,0x00007f3984133000)]
=>0x00007f39a42bc800 JavaThread "QuantumRenderer-0" daemon [_thread_in_native, id=11924, stack(0x00007f398cddf000,0x00007f398cee0000)]
  0x00007f39a4190000 JavaThread "Service Thread" daemon [_thread_blocked, id=11922, stack(0x00007f398d077000,0x00007f398d178000)]
  0x00007f39a4185000 JavaThread "C1 CompilerThread2" daemon [_thread_blocked, id=11921, stack(0x00007f398d178000,0x00007f398d279000)]
  0x00007f39a4183000 JavaThread "C2 CompilerThread1" daemon [_thread_blocked, id=11920, stack(0x00007f398d279000,0x00007f398d37a000)]
  0x00007f39a4180000 JavaThread "C2 CompilerThread0" daemon [_thread_blocked, id=11919, stack(0x00007f398d37a000,0x00007f398d47b000)]
  0x00007f39a417e800 JavaThread "Signal Dispatcher" daemon [_thread_blocked, id=11918, stack(0x00007f398d47b000,0x00007f398d57c000)]
  0x00007f39a414b800 JavaThread "Finalizer" daemon [_thread_blocked, id=11917, stack(0x00007f398d705000,0x00007f398d806000)]
  0x00007f39a4147000 JavaThread "Reference Handler" daemon [_thread_blocked, id=11916, stack(0x00007f398d806000,0x00007f398d907000)]
  0x00007f39a400a800 JavaThread "main" [_thread_blocked, id=11908, stack(0x00007f39abc83000,0x00007f39abd84000)]

Other Threads:
  0x00007f39a413f800 VMThread [stack: 0x00007f398d907000,0x00007f398da08000] [id=11915]
  0x00007f39a4195000 WatcherThread [stack: 0x00007f398cf76000,0x00007f398d077000] [id=11923]

VM state:not at safepoint (normal execution)

VM Mutex/Monitor currently owned by a thread: None

Heap:
 PSYoungGen      total 17920K, used 15696K [0x00000000ec100000, 0x00000000ee400000, 0x0000000100000000)
  eden space 15360K, 85% used [0x00000000ec100000,0x00000000ecddc058,0x00000000ed000000)
  from space 2560K, 98% used [0x00000000ed280000,0x00000000ed4f8080,0x00000000ed500000)
  to   space 2560K, 0% used [0x00000000ed000000,0x00000000ed000000,0x00000000ed280000)
 ParOldGen       total 40960K, used 6479K [0x00000000c4200000, 0x00000000c6a00000, 0x00000000ec100000)
  object space 40960K, 15% used [0x00000000c4200000,0x00000000c4853df0,0x00000000c6a00000)
 Metaspace       used 15603K, capacity 16210K, committed 16384K, reserved 1062912K
  class space    used 2063K, capacity 2246K, committed 2304K, reserved 1048576K

Card table byte_map: [0x00007f39a8875000,0x00007f39a8a55000] byte_map_base: 0x00007f39a8254000

Marking Bits: (ParMarkBitMap*) 0x00007f39ab17b920
 Begin Bits: [0x00007f398e210000, 0x00007f398f108000)
 End Bits:   [0x00007f398f108000, 0x00007f3990000000)

Polling page: 0x00007f39abda8000

CodeCache: size=245760Kb used=6922Kb max_used=6922Kb free=238837Kb
 bounds [0x00007f3995000000, 0x00007f39956d0000, 0x00007f39a4000000]
 total_blobs=2920 nmethods=2298 adapters=535
 compilation: enabled

Compilation events (10 events):
Event: 68.112 Thread 0x00007f39a4185000 nmethod 2293 0x00007f39956c34d0 code [0x00007f39956c3620, 0x00007f39956c3730]
Event: 68.126 Thread 0x00007f39a4185000 2294       3       com.sun.javafx.sg.prism.NGNode::getContentBounds (97 bytes)
Event: 68.128 Thread 0x00007f39a4185000 nmethod 2294 0x00007f39956c3790 code [0x00007f39956c3a00, 0x00007f39956c4868]
Event: 68.139 Thread 0x00007f39a4185000 2295       3       com.sun.prism.impl.ps.BaseShaderGraphics::setPaint (47 bytes)
Event: 68.140 Thread 0x00007f39a4185000 nmethod 2295 0x00007f39956c4c90 code [0x00007f39956c4e20, 0x00007f39956c53a8]
Event: 68.140 Thread 0x00007f39a4185000 2296       3       com.sun.prism.impl.BaseGraphics::setPaint (10 bytes)
Event: 68.140 Thread 0x00007f39a4185000 nmethod 2296 0x00007f39956c5510 code [0x00007f39956c5680, 0x00007f39956c5828]
Event: 68.147 Thread 0x00007f39a4185000 2297       3       com.sun.javafx.geom.transform.AffineBase::<init> (5 bytes)
Event: 68.148 Thread 0x00007f39a4185000 nmethod 2297 0x00007f39956c58d0 code [0x00007f39956c5a40, 0x00007f39956c5c50]
Event: 68.158 Thread 0x00007f39a4185000 2298       3       java.util.Collections$EmptyList::equals (25 bytes)

GC Heap History (4 events):
Event: 1.656 GC heap before
{Heap before GC invocations=1 (full 0):
 PSYoungGen      total 17920K, used 13373K [0x00000000ec100000, 0x00000000ed500000, 0x0000000100000000)
  eden space 15360K, 87% used [0x00000000ec100000,0x00000000ece0f668,0x00000000ed000000)
  from space 2560K, 0% used [0x00000000ed280000,0x00000000ed280000,0x00000000ed500000)
  to   space 2560K, 0% used [0x00000000ed000000,0x00000000ed000000,0x00000000ed280000)
 ParOldGen       total 40960K, used 0K [0x00000000c4200000, 0x00000000c6a00000, 0x00000000ec100000)
  object space 40960K, 0% used [0x00000000c4200000,0x00000000c4200000,0x00000000c6a00000)
 Metaspace       used 9101K, capacity 9402K, committed 9472K, reserved 1056768K
  class space    used 1133K, capacity 1235K, committed 1280K, reserved 1048576K
Event: 1.661 GC heap after
Heap after GC invocations=1 (full 0):
 PSYoungGen      total 17920K, used 2112K [0x00000000ec100000, 0x00000000ed500000, 0x0000000100000000)
  eden space 15360K, 0% used [0x00000000ec100000,0x00000000ec100000,0x00000000ed000000)
  from space 2560K, 82% used [0x00000000ed000000,0x00000000ed210020,0x00000000ed280000)
  to   space 2560K, 0% used [0x00000000ed280000,0x00000000ed280000,0x00000000ed500000)
 ParOldGen       total 40960K, used 72K [0x00000000c4200000, 0x00000000c6a00000, 0x00000000ec100000)
  object space 40960K, 0% used [0x00000000c4200000,0x00000000c4212010,0x00000000c6a00000)
 Metaspace       used 9101K, capacity 9402K, committed 9472K, reserved 1056768K
  class space    used 1133K, capacity 1235K, committed 1280K, reserved 1048576K
}
Event: 2.043 GC heap before
{Heap before GC invocations=2 (full 0):
 PSYoungGen      total 17920K, used 17472K [0x00000000ec100000, 0x00000000ed500000, 0x0000000100000000)
  eden space 15360K, 100% used [0x00000000ec100000,0x00000000ed000000,0x00000000ed000000)
  from space 2560K, 82% used [0x00000000ed000000,0x00000000ed210020,0x00000000ed280000)
  to   space 2560K, 0% used [0x00000000ed280000,0x00000000ed280000,0x00000000ed500000)
 ParOldGen       total 40960K, used 72K [0x00000000c4200000, 0x00000000c6a00000, 0x00000000ec100000)
  object space 40960K, 0% used [0x00000000c4200000,0x00000000c4212010,0x00000000c6a00000)
 Metaspace       used 11556K, capacity 11952K, committed 12160K, reserved 1060864K
  class space    used 1507K, capacity 1621K, committed 1664K, reserved 1048576K
Event: 2.050 GC heap after
Heap after GC invocations=2 (full 0):
 PSYoungGen      total 17920K, used 2528K [0x00000000ec100000, 0x00000000ee400000, 0x0000000100000000)
  eden space 15360K, 0% used [0x00000000ec100000,0x00000000ec100000,0x00000000ed000000)
  from space 2560K, 98% used [0x00000000ed280000,0x00000000ed4f8080,0x00000000ed500000)
  to   space 2560K, 0% used [0x00000000ed000000,0x00000000ed000000,0x00000000ed280000)
 ParOldGen       total 40960K, used 6479K [0x00000000c4200000, 0x00000000c6a00000, 0x00000000ec100000)
  object space 40960K, 15% used [0x00000000c4200000,0x00000000c4853df0,0x00000000c6a00000)
 Metaspace       used 11556K, capacity 11952K, committed 12160K, reserved 1060864K
  class space    used 1507K, capacity 1621K, committed 1664K, reserved 1048576K
}

Deoptimization events (10 events):
Event: 2.225 Thread 0x00007f39a435c000 Uncommon trap: reason=class_check action=maybe_recompile pc=0x00007f3995115b60 method=java.lang.String.equals(Ljava/lang/Object;)Z @ 8
Event: 2.225 Thread 0x00007f39a435c000 Uncommon trap: reason=class_check action=maybe_recompile pc=0x00007f3995115b60 method=java.lang.String.equals(Ljava/lang/Object;)Z @ 8
Event: 2.225 Thread 0x00007f39a435c000 Uncommon trap: reason=speculate_class_check action=maybe_recompile pc=0x00007f3995355b4c method=com.sun.javafx.css.BitSet.containsAll(Ljava/util/Collection;)Z @ 18
Event: 2.225 Thread 0x00007f39a435c000 Uncommon trap: reason=speculate_class_check action=maybe_recompile pc=0x00007f3995355b4c method=com.sun.javafx.css.BitSet.containsAll(Ljava/util/Collection;)Z @ 18
Event: 2.229 Thread 0x00007f39a435c000 Uncommon trap: reason=class_check action=maybe_recompile pc=0x00007f3995115b60 method=java.lang.String.equals(Ljava/lang/Object;)Z @ 8
Event: 2.278 Thread 0x00007f39a435c000 Uncommon trap: reason=unstable_if action=reinterpret pc=0x00007f399537faec method=java.util.HashMap.putVal(ILjava/lang/Object;Ljava/lang/Object;ZZ)Ljava/lang/Object; @ 193
Event: 2.278 Thread 0x00007f39a435c000 Uncommon trap: reason=unstable_if action=reinterpret pc=0x00007f399537e658 method=java.util.HashMap.putVal(ILjava/lang/Object;Ljava/lang/Object;ZZ)Ljava/lang/Object; @ 193
Event: 2.379 Thread 0x00007f39a435c000 Uncommon trap: reason=unstable_if action=reinterpret pc=0x00007f39952bad30 method=sun.net.www.ParseUtil.encodePath(Ljava/lang/String;Z)Ljava/lang/String; @ 109
Event: 2.602 Thread 0x00007f39a435c000 Uncommon trap: reason=unstable_if action=reinterpret pc=0x00007f39953f3c90 method=com.sun.javafx.css.SimpleSelector.stateMatches(Ljavafx/css/Styleable;Ljava/util/Set;)Z @ 1
Event: 37.304 Thread 0x00007f39a435c000 Uncommon trap: reason=unstable_if action=reinterpret pc=0x00007f3995382ce4 method=jdk.internal.org.objectweb.asm.Type.getArgumentsAndReturnSizes(Ljava/lang/String;)I @ 47

Classes redefined (0 events):
No events

Internal exceptions (10 events):
Event: 0.206 Thread 0x00007f39a400a800 Exception <a 'java/lang/NullPointerException'> (0x00000000ec36a6b0) thrown at [/HUDSON/workspace/8-2-build-linux-amd64/jdk8u161/10277/hotspot/src/share/vm/interpreter/linkResolver.cpp, line 1185]
Event: 1.555 Thread 0x00007f39a435c000 Exception <a 'java/lang/NullPointerException'> (0x00000000ecc0ea08) thrown at [/HUDSON/workspace/8-2-build-linux-amd64/jdk8u161/10277/hotspot/src/share/vm/interpreter/linkResolver.cpp, line 1185]
Event: 1.555 Thread 0x00007f39a435c000 Exception <a 'java/lang/NullPointerException'> (0x00000000ecc0ea08) thrown at [/HUDSON/workspace/8-2-build-linux-amd64/jdk8u161/10277/hotspot/src/share/vm/prims/jvm.cpp, line 1394]
Event: 1.585 Thread 0x00007f39a435c000 Exception <a 'java/lang/ArrayIndexOutOfBoundsException': 57> (0x00000000ecd6dcb8) thrown at [/HUDSON/workspace/8-2-build-linux-amd64/jdk8u161/10277/hotspot/src/share/vm/interpreter/interpreterRuntime.cpp, line 366]
Event: 1.586 Thread 0x00007f39a435c000 Exception <a 'java/lang/ArrayIndexOutOfBoundsException': 18> (0x00000000ecd6eb30) thrown at [/HUDSON/workspace/8-2-build-linux-amd64/jdk8u161/10277/hotspot/src/share/vm/interpreter/interpreterRuntime.cpp, line 366]
Event: 1.587 Thread 0x00007f39a435c000 Exception <a 'java/lang/ArrayIndexOutOfBoundsException': 86> (0x00000000ecd6fed8) thrown at [/HUDSON/workspace/8-2-build-linux-amd64/jdk8u161/10277/hotspot/src/share/vm/interpreter/interpreterRuntime.cpp, line 366]
Event: 1.702 Thread 0x00007f39a435c000 Exception <a 'java/lang/ArrayIndexOutOfBoundsException'> (0x00000000ec6a9820) thrown at [/HUDSON/workspace/8-2-build-linux-amd64/jdk8u161/10277/hotspot/src/share/vm/runtime/sharedRuntime.cpp, line 605]
Event: 1.837 Thread 0x00007f39a435c000 Exception <a 'java/lang/ArrayIndexOutOfBoundsException'> (0x00000000ecb133f0) thrown at [/HUDSON/workspace/8-2-build-linux-amd64/jdk8u161/10277/hotspot/src/share/vm/runtime/sharedRuntime.cpp, line 605]
Event: 2.008 Thread 0x00007f39a435c000 Exception <a 'java/lang/ArrayIndexOutOfBoundsException'> (0x00000000ecf3f190) thrown at [/HUDSON/workspace/8-2-build-linux-amd64/jdk8u161/10277/hotspot/src/share/vm/runtime/sharedRuntime.cpp, line 605]
Event: 2.602 Thread 0x00007f39a435c000 Implicit null exception at 0x00007f39953f3591 to 0x00007f39953f3c5d

Events (10 events):
Event: 37.309 loading class com/sun/scenario/animation/AnimationPulse$PulseData$Accessor
Event: 37.309 loading class com/sun/scenario/animation/AnimationPulse$PulseData$Accessor done
Event: 37.310 loading class com/sun/scenario/animation/AnimationPulse$PulseData
Event: 37.310 loading class com/sun/scenario/animation/AnimationPulse$PulseData done
Event: 37.310 loading class com/sun/scenario/animation/AnimationPulse$PulseData$Accessor
Event: 37.310 loading class com/sun/scenario/animation/AnimationPulse$PulseData$Accessor done
Event: 37.311 loading class javafx/animation/Animation$1
Event: 37.311 loading class javafx/animation/Animation$1 done
Event: 60.782 Thread 0x00007f39a42bc800 DEOPT PACKING pc=0x00007f39956223ae sp=0x00007f398cedca90
Event: 60.782 Thread 0x00007f39a42bc800 DEOPT UNPACKING pc=0x00007f3995047784 sp=0x00007f398cedc7e8 mode 0


Dynamic libraries:
00400000-00401000 r-xp 00000000 08:01 2270014                            /usr/lib/jvm/java-8-oracle/jre/bin/java
00600000-00601000 rw-p 00000000 08:01 2270014                            /usr/lib/jvm/java-8-oracle/jre/bin/java
02143000-02164000 rw-p 00000000 00:00 0                                  [heap]
c4200000-c6a00000 rw-p 00000000 00:00 0 
c6a00000-ec100000 ---p 00000000 00:00 0 
ec100000-ee400000 rw-p 00000000 00:00 0 
ee400000-100000000 ---p 00000000 00:00 0 
100000000-100240000 rw-p 00000000 00:00 0 
100240000-140000000 ---p 00000000 00:00 0 
7f3938000000-7f3938021000 rw-p 00000000 00:00 0 
7f3938021000-7f393c000000 ---p 00000000 00:00 0 
7f393f400000-7f3940000000 rw-s 11f23a000 00:05 1802                      /dev/dri/card0
7f3940000000-7f3940b55000 rw-p 00000000 00:00 0 
7f3940b55000-7f3944000000 ---p 00000000 00:00 0 
7f3944000000-7f3944021000 rw-p 00000000 00:00 0 
7f3944021000-7f3948000000 ---p 00000000 00:00 0 
7f3948000000-7f3948021000 rw-p 00000000 00:00 0 
7f3948021000-7f394c000000 ---p 00000000 00:00 0 
7f394c3cf000-7f394c3df000 rw-s 00000000 00:04 480619                     /drm mm object (deleted)
7f394c3df000-7f394c3e7000 rw-s 00000000 00:04 480618                     /drm mm object (deleted)
7f394c3e7000-7f394c3f7000 rw-s 00000000 00:04 480617                     /drm mm object (deleted)
7f394c3f7000-7f394c3ff000 rw-s 00000000 00:04 480616                     /drm mm object (deleted)
7f394c3ff000-7f394c40f000 rw-s 00000000 00:04 480615                     /drm mm object (deleted)
7f394c40f000-7f394c417000 rw-s 00000000 00:04 480614                     /drm mm object (deleted)
7f394c417000-7f394c427000 rw-s 00000000 00:04 480613                     /drm mm object (deleted)
7f394c427000-7f394c42f000 rw-s 00000000 00:04 480612                     /drm mm object (deleted)
7f394c42f000-7f394c43f000 rw-s 00000000 00:04 476043                     /drm mm object (deleted)
7f394c43f000-7f394c447000 rw-s 00000000 00:04 476042                     /drm mm object (deleted)
7f394c447000-7f394c457000 rw-s 00000000 00:04 476041                     /drm mm object (deleted)
7f394c457000-7f394c45f000 rw-s 00000000 00:04 476040                     /drm mm object (deleted)
7f394c45f000-7f394c46f000 rw-s 00000000 00:04 476039                     /drm mm object (deleted)
7f394c46f000-7f394c477000 rw-s 00000000 00:04 476038                     /drm mm object (deleted)
7f394c477000-7f394c487000 rw-s 00000000 00:04 476037                     /drm mm object (deleted)
7f394c487000-7f394c48f000 rw-s 00000000 00:04 476036                     /drm mm object (deleted)
7f394c48f000-7f394c49f000 rw-s 00000000 00:04 476035                     /drm mm object (deleted)
7f394c49f000-7f394c4a7000 rw-s 00000000 00:04 476034                     /drm mm object (deleted)
7f394c4a7000-7f394c4b7000 rw-s 00000000 00:04 476033                     /drm mm object (deleted)
7f394c4b7000-7f394c4bf000 rw-s 00000000 00:04 476032                     /drm mm object (deleted)
7f394c4bf000-7f394c4cf000 rw-s 00000000 00:04 476031                     /drm mm object (deleted)
7f394c4cf000-7f394c4df000 rw-s 00000000 00:04 476029                     /drm mm object (deleted)
7f394c4df000-7f394c4ef000 rw-s 00000000 00:04 481294                     /drm mm object (deleted)
7f394c4ef000-7f394c4f3000 rw-s 00000000 00:04 479647                     /drm mm object (deleted)
7f394c4f3000-7f394c4fb000 rw-s 00000000 00:04 476030                     /drm mm object (deleted)
7f394c4fb000-7f394c503000 rw-s 00000000 00:04 476028                     /drm mm object (deleted)
7f394c503000-7f394c513000 rw-s 00000000 00:04 476027                     /drm mm object (deleted)
7f394c513000-7f394c51b000 rw-s 00000000 00:04 476026                     /drm mm object (deleted)
7f394c51b000-7f394c523000 rw-s 00000000 00:04 481293                     /drm mm object (deleted)
7f394c523000-7f394c533000 rw-s 00000000 00:04 476025                     /drm mm object (deleted)
7f394c533000-7f394c53b000 rw-s 00000000 00:04 476024                     /drm mm object (deleted)
7f394c53b000-7f394c6bb000 rw-s 00000000 00:04 479646                     /drm mm object (deleted)
7f394c6bf000-7f394c83f000 rw-s 00000000 00:04 479644                     /drm mm object (deleted)
7f394c843000-7f394c853000 rw-s 00000000 00:04 476023                     /drm mm object (deleted)
7f394c853000-7f394c85b000 rw-s 00000000 00:04 480611                     /drm mm object (deleted)
7f394c85b000-7f394c86b000 rw-s 00000000 00:04 480610                     /drm mm object (deleted)
7f394c86b000-7f394c871000 rw-s 00000000 00:04 479660                     /drm mm object (deleted)
7f394c871000-7f394c9f1000 rw-s 11ff87000 00:05 1802                      /dev/dri/card0
7f394c9f1000-7f394c9f7000 rw-s 00000000 00:04 475900                     /drm mm object (deleted)
7f394c9f7000-7f394c9fd000 rw-s 00000000 00:04 475899                     /drm mm object (deleted)
7f394c9fd000-7f394ca03000 rw-s 00000000 00:04 475898                     /drm mm object (deleted)
7f394ca03000-7f394ca09000 rw-s 00000000 00:04 475897                     /drm mm object (deleted)
7f394ca09000-7f394ca69000 rw-s 00000000 00:04 475894                     /drm mm object (deleted)
7f394ca69000-7f394ca75000 rw-s 00000000 00:04 475893                     /drm mm object (deleted)
7f394ca75000-7f394ca85000 rw-s 00000000 00:04 481317                     /drm mm object (deleted)
7f394ca85000-7f394cc45000 rw-p 00000000 00:00 0 
7f394cc45000-7f394cc85000 ---p 00000000 00:00 0 
7f394cc85000-7f394ce85000 rw-p 00000000 00:00 0 
7f394ce85000-7f394ce88000 ---p 00000000 00:00 0 
7f394ce88000-7f394cf86000 rw-p 00000000 00:00 0                          [stack:11928]
7f394cf86000-7f394d03c000 r--p 00000000 08:01 2491620                    /usr/share/fonts/truetype/dejavu/DejaVuSans.ttf
7f394d03c000-7f394d091000 r--p 00000000 08:01 2270070                    /usr/lib/jvm/java-8-oracle/jre/lib/fonts/LucidaBrightRegular.ttf
7f394d091000-7f394d13c000 r--p 00000000 08:01 2270069                    /usr/lib/jvm/java-8-oracle/jre/lib/fonts/LucidaSansRegular.ttf
7f394d13c000-7f394d178000 r--p 00000000 08:01 2270074                    /usr/lib/jvm/java-8-oracle/jre/lib/fonts/LucidaTypewriterRegular.ttf
7f394d178000-7f394d17c000 r-xp 00000000 08:01 2270210                    /usr/lib/jvm/java-8-oracle/jre/lib/amd64/libjavafx_font_pango.so
7f394d17c000-7f394d37b000 ---p 00004000 08:01 2270210                    /usr/lib/jvm/java-8-oracle/jre/lib/amd64/libjavafx_font_pango.so
7f394d37b000-7f394d37c000 rw-p 00003000 08:01 2270210                    /usr/lib/jvm/java-8-oracle/jre/lib/amd64/libjavafx_font_pango.so
7f394d37c000-7f394d381000 r-xp 00000000 08:01 2270213                    /usr/lib/jvm/java-8-oracle/jre/lib/amd64/libjavafx_font_freetype.so
7f394d381000-7f394d580000 ---p 00005000 08:01 2270213                    /usr/lib/jvm/java-8-oracle/jre/lib/amd64/libjavafx_font_freetype.so
7f394d580000-7f394d581000 rw-p 00004000 08:01 2270213                    /usr/lib/jvm/java-8-oracle/jre/lib/amd64/libjavafx_font_freetype.so
7f394d581000-7f394d584000 r-xp 00000000 08:01 2270254                    /usr/lib/jvm/java-8-oracle/jre/lib/amd64/libjavafx_font.so
7f394d584000-7f394d783000 ---p 00003000 08:01 2270254                    /usr/lib/jvm/java-8-oracle/jre/lib/amd64/libjavafx_font.so
7f394d783000-7f394d784000 rw-p 00002000 08:01 2270254                    /usr/lib/jvm/java-8-oracle/jre/lib/amd64/libjavafx_font.so
7f394d784000-7f394d984000 rw-p 00000000 00:00 0 
7f394d984000-7f394d9ba000 r-xp 00000000 08:01 2270250                    /usr/lib/jvm/java-8-oracle/jre/lib/amd64/libjavafx_iio.so
7f394d9ba000-7f394dbb9000 ---p 00036000 08:01 2270250                    /usr/lib/jvm/java-8-oracle/jre/lib/amd64/libjavafx_iio.so
7f394dbb9000-7f394dbba000 rw-p 00035000 08:01 2270250                    /usr/lib/jvm/java-8-oracle/jre/lib/amd64/libjavafx_iio.so
7f394dbba000-7f394dbbd000 ---p 00000000 00:00 0 
7f394dbbd000-7f394dcbb000 rw-p 00000000 00:00 0                          [stack:11927]
7f394dcbb000-7f394dcbe000 ---p 00000000 00:00 0 
7f394dcbe000-7f394ddbc000 rw-p 00000000 00:00 0                          [stack:11926]
7f394ddbc000-7f394ddc5000 r-xp 00000000 08:01 2236986                    /usr/lib/x86_64-linux-gnu/libltdl.so.7.3.0
7f394ddc5000-7f394dfc4000 ---p 00009000 08:01 2236986                    /usr/lib/x86_64-linux-gnu/libltdl.so.7.3.0
7f394dfc4000-7f394dfc5000 r--p 00008000 08:01 2236986                    /usr/lib/x86_64-linux-gnu/libltdl.so.7.3.0
7f394dfc5000-7f394dfc6000 rw-p 00009000 08:01 2236986                    /usr/lib/x86_64-linux-gnu/libltdl.so.7.3.0
7f394dfc6000-7f394dfda000 r-xp 00000000 08:01 2236990                    /usr/lib/x86_64-linux-gnu/libtdb.so.1.3.6
7f394dfda000-7f394e1d9000 ---p 00014000 08:01 2236990                    /usr/lib/x86_64-linux-gnu/libtdb.so.1.3.6
7f394e1d9000-7f394e1da000 r--p 00013000 08:01 2236990                    /usr/lib/x86_64-linux-gnu/libtdb.so.1.3.6
7f394e1da000-7f394e1db000 rw-p 00014000 08:01 2236990                    /usr/lib/x86_64-linux-gnu/libtdb.so.1.3.6
7f394e1db000-7f394e1e2000 r-xp 00000000 08:01 2236988                    /usr/lib/x86_64-linux-gnu/libogg.so.0.8.2
7f394e1e2000-7f394e3e2000 ---p 00007000 08:01 2236988                    /usr/lib/x86_64-linux-gnu/libogg.so.0.8.2
7f394e3e2000-7f394e3e3000 r--p 00007000 08:01 2236988                    /usr/lib/x86_64-linux-gnu/libogg.so.0.8.2
7f394e3e3000-7f394e3e4000 rw-p 00008000 08:01 2236988                    /usr/lib/x86_64-linux-gnu/libogg.so.0.8.2
7f394e3e4000-7f394e40f000 r-xp 00000000 08:01 2236992                    /usr/lib/x86_64-linux-gnu/libvorbis.so.0.4.7
7f394e40f000-7f394e60f000 ---p 0002b000 08:01 2236992                    /usr/lib/x86_64-linux-gnu/libvorbis.so.0.4.7
7f394e60f000-7f394e610000 r--p 0002b000 08:01 2236992                    /usr/lib/x86_64-linux-gnu/libvorbis.so.0.4.7
7f394e610000-7f394e611000 rw-p 0002c000 08:01 2236992                    /usr/lib/x86_64-linux-gnu/libvorbis.so.0.4.7
7f394e611000-7f394e619000 r-xp 00000000 08:01 2236995                    /usr/lib/x86_64-linux-gnu/libvorbisfile.so.3.3.6
7f394e619000-7f394e818000 ---p 00008000 08:01 2236995                    /usr/lib/x86_64-linux-gnu/libvorbisfile.so.3.3.6
7f394e818000-7f394e819000 r--p 00007000 08:01 2236995                    /usr/lib/x86_64-linux-gnu/libvorbisfile.so.3.3.6
7f394e819000-7f394e81a000 rw-p 00008000 08:01 2236995                    /usr/lib/x86_64-linux-gnu/libvorbisfile.so.3.3.6
7f394e81a000-7f394e81e000 r-xp 00000000 08:01 2252094                    /usr/lib/x86_64-linux-gnu/libcanberra-gtk.so.0.1.9
7f394e81e000-7f394ea1e000 ---p 00004000 08:01 2252094                    /usr/lib/x86_64-linux-gnu/libcanberra-gtk.so.0.1.9
7f394ea1e000-7f394ea1f000 rw-p 00004000 08:01 2252094                    /usr/lib/x86_64-linux-gnu/libcanberra-gtk.so.0.1.9
7f394ea1f000-7f394ea31000 r-xp 00000000 08:01 2236998                    /usr/lib/x86_64-linux-gnu/libcanberra.so.0.2.5
7f394ea31000-7f394ec31000 ---p 00012000 08:01 2236998                    /usr/lib/x86_64-linux-gnu/libcanberra.so.0.2.5
7f394ec31000-7f394ec32000 rw-p 00012000 08:01 2236998                    /usr/lib/x86_64-linux-gnu/libcanberra.so.0.2.5
7f394ec32000-7f394ec38000 r-xp 00000000 08:01 2498380                    /usr/lib/x86_64-linux-gnu/gtk-2.0/modules/libcanberra-gtk-module.so
7f394ec38000-7f394ee37000 ---p 00006000 08:01 2498380                    /usr/lib/x86_64-linux-gnu/gtk-2.0/modules/libcanberra-gtk-module.so
7f394ee37000-7f394ee38000 rw-p 00005000 08:01 2498380                    /usr/lib/x86_64-linux-gnu/gtk-2.0/modules/libcanberra-gtk-module.so
7f394ee38000-7f394ee3b000 r-xp 00000000 08:01 3279141                    /usr/lib/x86_64-linux-gnu/gtk-2.0/2.10.0/engines/libadwaita.so
7f394ee3b000-7f394f03a000 ---p 00003000 08:01 3279141                    /usr/lib/x86_64-linux-gnu/gtk-2.0/2.10.0/engines/libadwaita.so
7f394f03a000-7f394f03b000 r--p 00002000 08:01 3279141                    /usr/lib/x86_64-linux-gnu/gtk-2.0/2.10.0/engines/libadwaita.so
7f394f03b000-7f394f03c000 rw-p 00003000 08:01 3279141                    /usr/lib/x86_64-linux-gnu/gtk-2.0/2.10.0/engines/libadwaita.so
7f394f03c000-7f394f046000 r-xp 00000000 08:01 3284261                    /usr/lib/x86_64-linux-gnu/gtk-2.0/2.10.0/engines/libpixmap.so
7f394f046000-7f394f245000 ---p 0000a000 08:01 3284261                    /usr/lib/x86_64-linux-gnu/gtk-2.0/2.10.0/engines/libpixmap.so
7f394f245000-7f394f247000 r--p 00009000 08:01 3284261                    /usr/lib/x86_64-linux-gnu/gtk-2.0/2.10.0/engines/libpixmap.so
7f394f247000-7f394f248000 rw-p 0000b000 08:01 3284261                    /usr/lib/x86_64-linux-gnu/gtk-2.0/2.10.0/engines/libpixmap.so
7f394f248000-7f394f271000 r-xp 00000000 08:01 2270229                    /usr/lib/jvm/java-8-oracle/jre/lib/amd64/libglass.so
7f394f271000-7f394f470000 ---p 00029000 08:01 2270229                    /usr/lib/jvm/java-8-oracle/jre/lib/amd64/libglass.so
7f394f470000-7f394f473000 rw-p 00028000 08:01 2270229                    /usr/lib/jvm/java-8-oracle/jre/lib/amd64/libglass.so
7f394f473000-7f394f4aa000 r-xp 00000000 08:01 2242341                    /usr/lib/x86_64-linux-gnu/libtxc_dxtn_s2tc.so.0.0.0
7f394f4aa000-7f394f6a9000 ---p 00037000 08:01 2242341                    /usr/lib/x86_64-linux-gnu/libtxc_dxtn_s2tc.so.0.0.0
7f394f6a9000-7f394f6aa000 r--p 00036000 08:01 2242341                    /usr/lib/x86_64-linux-gnu/libtxc_dxtn_s2tc.so.0.0.0
7f394f6aa000-7f394f6ab000 rw-p 00037000 08:01 2242341                    /usr/lib/x86_64-linux-gnu/libtxc_dxtn_s2tc.so.0.0.0
7f394f6ab000-7f394f6b3000 r-xp 00000000 08:01 2239134                    /usr/lib/x86_64-linux-gnu/libpciaccess.so.0.11.1
7f394f6b3000-7f394f8b3000 ---p 00008000 08:01 2239134                    /usr/lib/x86_64-linux-gnu/libpciaccess.so.0.11.1
7f394f8b3000-7f394f8b4000 r--p 00008000 08:01 2239134                    /usr/lib/x86_64-linux-gnu/libpciaccess.so.0.11.1
7f394f8b4000-7f394f8b5000 rw-p 00009000 08:01 2239134                    /usr/lib/x86_64-linux-gnu/libpciaccess.so.0.11.1
7f394f8b5000-7f394fdd3000 r-xp 00000000 08:01 2240785                    /usr/lib/x86_64-linux-gnu/dri/i965_dri.so
7f394fdd3000-7f394ffd3000 ---p 0051e000 08:01 2240785                    /usr/lib/x86_64-linux-gnu/dri/i965_dri.so
7f394ffd3000-7f394ffef000 r--p 0051e000 08:01 2240785                    /usr/lib/x86_64-linux-gnu/dri/i965_dri.so
7f394ffef000-7f394fff5000 rw-p 0053a000 08:01 2240785                    /usr/lib/x86_64-linux-gnu/dri/i965_dri.so
7f394fff5000-7f3950000000 rw-p 00000000 00:00 0 
7f3950000000-7f3951b84000 rw-p 00000000 00:00 0 
7f3951b84000-7f3954000000 ---p 00000000 00:00 0 
7f3954003000-7f3954013000 rw-s 00000000 00:04 480592                     /drm mm object (deleted)
7f3954013000-7f395401f000 rw-s 00000000 00:04 475877                     /drm mm object (deleted)
7f395401f000-7f3954032000 r--s 00345000 08:01 2270044                    /usr/lib/jvm/java-8-oracle/jre/lib/resources.jar
7f3954032000-7f3954080000 r--p 00000000 08:01 2270071                    /usr/lib/jvm/java-8-oracle/jre/lib/fonts/LucidaSansDemiBold.ttf
7f3954080000-7f39540ba000 r--p 00000000 08:01 2270075                    /usr/lib/jvm/java-8-oracle/jre/lib/fonts/LucidaTypewriterBold.ttf
7f39540ba000-7f39540c6000 r-xp 00000000 08:01 2236321                    /usr/lib/x86_64-linux-gnu/libdrm_radeon.so.1.0.1
7f39540c6000-7f39542c5000 ---p 0000c000 08:01 2236321                    /usr/lib/x86_64-linux-gnu/libdrm_radeon.so.1.0.1
7f39542c5000-7f39542c6000 r--p 0000b000 08:01 2236321                    /usr/lib/x86_64-linux-gnu/libdrm_radeon.so.1.0.1
7f39542c6000-7f39542c7000 rw-p 0000c000 08:01 2236321                    /usr/lib/x86_64-linux-gnu/libdrm_radeon.so.1.0.1
7f39542c7000-7f39542cd000 r-xp 00000000 08:01 2236319                    /usr/lib/x86_64-linux-gnu/libdrm_nouveau.so.2.0.0
7f39542cd000-7f39544cc000 ---p 00006000 08:01 2236319                    /usr/lib/x86_64-linux-gnu/libdrm_nouveau.so.2.0.0
7f39544cc000-7f39544cd000 r--p 00005000 08:01 2236319                    /usr/lib/x86_64-linux-gnu/libdrm_nouveau.so.2.0.0
7f39544cd000-7f39544ce000 rw-p 00006000 08:01 2236319                    /usr/lib/x86_64-linux-gnu/libdrm_nouveau.so.2.0.0
7f39544ce000-7f39544ef000 r-xp 00000000 08:01 2239136                    /usr/lib/x86_64-linux-gnu/libdrm_intel.so.1.0.0
7f39544ef000-7f39546ee000 ---p 00021000 08:01 2239136                    /usr/lib/x86_64-linux-gnu/libdrm_intel.so.1.0.0
7f39546ee000-7f39546ef000 r--p 00020000 08:01 2239136                    /usr/lib/x86_64-linux-gnu/libdrm_intel.so.1.0.0
7f39546ef000-7f39546f0000 rw-p 00021000 08:01 2239136                    /usr/lib/x86_64-linux-gnu/libdrm_intel.so.1.0.0
7f39546f0000-7f39546fe000 r-xp 00000000 08:01 4849771                    /lib/x86_64-linux-gnu/libudev.so.1.5.0
7f39546fe000-7f39548fd000 ---p 0000e000 08:01 4849771                    /lib/x86_64-linux-gnu/libudev.so.1.5.0
7f39548fd000-7f39548fe000 r--p 0000d000 08:01 4849771                    /lib/x86_64-linux-gnu/libudev.so.1.5.0
7f39548fe000-7f39548ff000 rw-p 0000e000 08:01 4849771                    /lib/x86_64-linux-gnu/libudev.so.1.5.0
7f39548ff000-7f3954905000 r-xp 00000000 08:01 2236196                    /usr/lib/x86_64-linux-gnu/libdatrie.so.1.3.1
7f3954905000-7f3954b05000 ---p 00006000 08:01 2236196                    /usr/lib/x86_64-linux-gnu/libdatrie.so.1.3.1
7f3954b05000-7f3954b06000 r--p 00006000 08:01 2236196                    /usr/lib/x86_64-linux-gnu/libdatrie.so.1.3.1
7f3954b06000-7f3954b07000 rw-p 00007000 08:01 2236196                    /usr/lib/x86_64-linux-gnu/libdatrie.so.1.3.1
7f3954b07000-7f3954b0c000 r-xp 00000000 08:01 2235802                    /usr/lib/x86_64-linux-gnu/libXdmcp.so.6.0.0
7f3954b0c000-7f3954d0b000 ---p 00005000 08:01 2235802                    /usr/lib/x86_64-linux-gnu/libXdmcp.so.6.0.0
7f3954d0b000-7f3954d0c000 rw-p 00004000 08:01 2235802                    /usr/lib/x86_64-linux-gnu/libXdmcp.so.6.0.0
7f3954d0c000-7f3954d0f000 r-xp 00000000 08:01 2235800                    /usr/lib/x86_64-linux-gnu/libXau.so.6.0.0
7f3954d0f000-7f3954f0e000 ---p 00003000 08:01 2235800                    /usr/lib/x86_64-linux-gnu/libXau.so.6.0.0
7f3954f0e000-7f3954f0f000 r--p 00002000 08:01 2235800                    /usr/lib/x86_64-linux-gnu/libXau.so.6.0.0
7f3954f0f000-7f3954f10000 rw-p 00003000 08:01 2235800                    /usr/lib/x86_64-linux-gnu/libXau.so.6.0.0
7f3954f10000-7f3954f3c000 r-xp 00000000 08:01 2228355                    /usr/lib/x86_64-linux-gnu/libgraphite2.so.3.0.1
7f3954f3c000-7f395513b000 ---p 0002c000 08:01 2228355                    /usr/lib/x86_64-linux-gnu/libgraphite2.so.3.0.1
7f395513b000-7f395513e000 r--p 0002b000 08:01 2228355                    /usr/lib/x86_64-linux-gnu/libgraphite2.so.3.0.1
7f395513e000-7f395513f000 rw-p 0002e000 08:01 2228355                    /usr/lib/x86_64-linux-gnu/libgraphite2.so.3.0.1
7f395513f000-7f395514b000 r-xp 00000000 08:01 2236316                    /usr/lib/x86_64-linux-gnu/libdrm.so.2.4.0
7f395514b000-7f395534a000 ---p 0000c000 08:01 2236316                    /usr/lib/x86_64-linux-gnu/libdrm.so.2.4.0
7f395534a000-7f395534b000 r--p 0000b000 08:01 2236316                    /usr/lib/x86_64-linux-gnu/libdrm.so.2.4.0
7f395534b000-7f395534c000 rw-p 0000c000 08:01 2236316                    /usr/lib/x86_64-linux-gnu/libdrm.so.2.4.0
7f395534c000-7f395534d000 r-xp 00000000 08:01 2236372                    /usr/lib/x86_64-linux-gnu/libxshmfence.so.1.0.0
7f395534d000-7f395554c000 ---p 00001000 08:01 2236372                    /usr/lib/x86_64-linux-gnu/libxshmfence.so.1.0.0
7f395554c000-7f395554d000 r--p 00000000 08:01 2236372                    /usr/lib/x86_64-linux-gnu/libxshmfence.so.1.0.0
7f395554d000-7f395554e000 rw-p 00001000 08:01 2236372                    /usr/lib/x86_64-linux-gnu/libxshmfence.so.1.0.0
7f395554e000-7f3955553000 r-xp 00000000 08:01 2236370                    /usr/lib/x86_64-linux-gnu/libxcb-sync.so.1.0.0
7f3955553000-7f3955753000 ---p 00005000 08:01 2236370                    /usr/lib/x86_64-linux-gnu/libxcb-sync.so.1.0.0
7f3955753000-7f3955754000 r--p 00005000 08:01 2236370                    /usr/lib/x86_64-linux-gnu/libxcb-sync.so.1.0.0
7f3955754000-7f3955755000 rw-p 00006000 08:01 2236370                    /usr/lib/x86_64-linux-gnu/libxcb-sync.so.1.0.0
7f3955755000-7f3955757000 r-xp 00000000 08:01 2236368                    /usr/lib/x86_64-linux-gnu/libxcb-present.so.0.0.0
7f3955757000-7f3955956000 ---p 00002000 08:01 2236368                    /usr/lib/x86_64-linux-gnu/libxcb-present.so.0.0.0
7f3955956000-7f3955957000 r--p 00001000 08:01 2236368                    /usr/lib/x86_64-linux-gnu/libxcb-present.so.0.0.0
7f3955957000-7f3955958000 rw-p 00002000 08:01 2236368                    /usr/lib/x86_64-linux-gnu/libxcb-present.so.0.0.0
7f3955958000-7f395595a000 r-xp 00000000 08:01 2236364                    /usr/lib/x86_64-linux-gnu/libxcb-dri3.so.0.0.0
7f395595a000-7f3955b59000 ---p 00002000 08:01 2236364                    /usr/lib/x86_64-linux-gnu/libxcb-dri3.so.0.0.0
7f3955b59000-7f3955b5a000 r--p 00001000 08:01 2236364                    /usr/lib/x86_64-linux-gnu/libxcb-dri3.so.0.0.0
7f3955b5a000-7f3955b5b000 rw-p 00002000 08:01 2236364                    /usr/lib/x86_64-linux-gnu/libxcb-dri3.so.0.0.0
7f3955b5b000-7f3955b5f000 r-xp 00000000 08:01 2236347                    /usr/lib/x86_64-linux-gnu/libxcb-dri2.so.0.0.0
7f3955b5f000-7f3955d5e000 ---p 00004000 08:01 2236347                    /usr/lib/x86_64-linux-gnu/libxcb-dri2.so.0.0.0
7f3955d5e000-7f3955d5f000 r--p 00003000 08:01 2236347                    /usr/lib/x86_64-linux-gnu/libxcb-dri2.so.0.0.0
7f3955d5f000-7f3955d60000 rw-p 00004000 08:01 2236347                    /usr/lib/x86_64-linux-gnu/libxcb-dri2.so.0.0.0
7f3955d60000-7f3955d77000 r-xp 00000000 08:01 2236366                    /usr/lib/x86_64-linux-gnu/libxcb-glx.so.0.0.0
7f3955d77000-7f3955f76000 ---p 00017000 08:01 2236366                    /usr/lib/x86_64-linux-gnu/libxcb-glx.so.0.0.0
7f3955f76000-7f3955f78000 r--p 00016000 08:01 2236366                    /usr/lib/x86_64-linux-gnu/libxcb-glx.so.0.0.0
7f3955f78000-7f3955f79000 rw-p 00018000 08:01 2236366                    /usr/lib/x86_64-linux-gnu/libxcb-glx.so.0.0.0
7f3955f79000-7f3955f7a000 r-xp 00000000 08:01 2233038                    /usr/lib/x86_64-linux-gnu/libX11-xcb.so.1.0.0
7f3955f7a000-7f3956179000 ---p 00001000 08:01 2233038                    /usr/lib/x86_64-linux-gnu/libX11-xcb.so.1.0.0
7f3956179000-7f395617a000 r--p 00000000 08:01 2233038                    /usr/lib/x86_64-linux-gnu/libX11-xcb.so.1.0.0
7f395617a000-7f395617b000 rw-p 00001000 08:01 2233038                    /usr/lib/x86_64-linux-gnu/libX11-xcb.so.1.0.0
7f395617b000-7f39561a0000 r-xp 00000000 08:01 2236333                    /usr/lib/x86_64-linux-gnu/libglapi.so.0.0.0
7f39561a0000-7f39563a0000 ---p 00025000 08:01 2236333                    /usr/lib/x86_64-linux-gnu/libglapi.so.0.0.0
7f39563a0000-7f39563a3000 r--p 00025000 08:01 2236333                    /usr/lib/x86_64-linux-gnu/libglapi.so.0.0.0
7f39563a3000-7f39563a4000 rw-p 00028000 08:01 2236333                    /usr/lib/x86_64-linux-gnu/libglapi.so.0.0.0
7f39563a4000-7f39563a5000 rw-p 00000000 00:00 0 
7f39563a5000-7f3956411000 r-xp 00000000 08:01 4849710                    /lib/x86_64-linux-gnu/libpcre.so.3.13.1
7f3956411000-7f3956611000 ---p 0006c000 08:01 4849710                    /lib/x86_64-linux-gnu/libpcre.so.3.13.1
7f3956611000-7f3956612000 r--p 0006c000 08:01 4849710                    /lib/x86_64-linux-gnu/libpcre.so.3.13.1
7f3956612000-7f3956613000 rw-p 0006d000 08:01 4849710                    /lib/x86_64-linux-gnu/libpcre.so.3.13.1
7f3956613000-7f395661a000 r-xp 00000000 08:01 2228874                    /usr/lib/x86_64-linux-gnu/libffi.so.6.0.2
7f395661a000-7f395681a000 ---p 00007000 08:01 2228874                    /usr/lib/x86_64-linux-gnu/libffi.so.6.0.2
7f395681a000-7f395681b000 r--p 00007000 08:01 2228874                    /usr/lib/x86_64-linux-gnu/libffi.so.6.0.2
7f395681b000-7f395681c000 rw-p 00008000 08:01 2228874                    /usr/lib/x86_64-linux-gnu/libffi.so.6.0.2
7f395681c000-7f3956842000 r-xp 00000000 08:01 4851065                    /lib/x86_64-linux-gnu/libexpat.so.1.6.0
7f3956842000-7f3956a41000 ---p 00026000 08:01 4851065                    /lib/x86_64-linux-gnu/libexpat.so.1.6.0
7f3956a41000-7f3956a44000 r--p 00025000 08:01 4851065                    /lib/x86_64-linux-gnu/libexpat.so.1.6.0
7f3956a44000-7f3956a45000 rw-p 00028000 08:01 4851065                    /lib/x86_64-linux-gnu/libexpat.so.1.6.0
7f3956a45000-7f3956a4d000 r-xp 00000000 08:01 2236198                    /usr/lib/x86_64-linux-gnu/libthai.so.0.2.0
7f3956a4d000-7f3956c4c000 ---p 00008000 08:01 2236198                    /usr/lib/x86_64-linux-gnu/libthai.so.0.2.0
7f3956c4c000-7f3956c4d000 r--p 00007000 08:01 2236198                    /usr/lib/x86_64-linux-gnu/libthai.so.0.2.0
7f3956c4d000-7f3956c4e000 rw-p 00008000 08:01 2236198                    /usr/lib/x86_64-linux-gnu/libthai.so.0.2.0
7f3956c4e000-7f3956c6f000 r-xp 00000000 08:01 2235804                    /usr/lib/x86_64-linux-gnu/libxcb.so.1.1.0
7f3956c6f000-7f3956e6e000 ---p 00021000 08:01 2235804                    /usr/lib/x86_64-linux-gnu/libxcb.so.1.1.0
7f3956e6e000-7f3956e6f000 r--p 00020000 08:01 2235804                    /usr/lib/x86_64-linux-gnu/libxcb.so.1.1.0
7f3956e6f000-7f3956e70000 rw-p 00021000 08:01 2235804                    /usr/lib/x86_64-linux-gnu/libxcb.so.1.1.0
7f3956e70000-7f3956e79000 r-xp 00000000 08:01 2236170                    /usr/lib/x86_64-linux-gnu/libxcb-render.so.0.0.0
7f3956e79000-7f3957078000 ---p 00009000 08:01 2236170                    /usr/lib/x86_64-linux-gnu/libxcb-render.so.0.0.0
7f3957078000-7f3957079000 r--p 00008000 08:01 2236170                    /usr/lib/x86_64-linux-gnu/libxcb-render.so.0.0.0
7f3957079000-7f395707a000 rw-p 00009000 08:01 2236170                    /usr/lib/x86_64-linux-gnu/libxcb-render.so.0.0.0
7f395707a000-7f395707c000 r-xp 00000000 08:01 2236172                    /usr/lib/x86_64-linux-gnu/libxcb-shm.so.0.0.0
7f395707c000-7f395727c000 ---p 00002000 08:01 2236172                    /usr/lib/x86_64-linux-gnu/libxcb-shm.so.0.0.0
7f395727c000-7f395727d000 r--p 00002000 08:01 2236172                    /usr/lib/x86_64-linux-gnu/libxcb-shm.so.0.0.0
7f395727d000-7f395727e000 rw-p 00003000 08:01 2236172                    /usr/lib/x86_64-linux-gnu/libxcb-shm.so.0.0.0
7f395727e000-7f3957323000 r-xp 00000000 08:01 2236168                    /usr/lib/x86_64-linux-gnu/libpixman-1.so.0.32.6
7f3957323000-7f3957522000 ---p 000a5000 08:01 2236168                    /usr/lib/x86_64-linux-gnu/libpixman-1.so.0.32.6
7f3957522000-7f395752a000 r--p 000a4000 08:01 2236168                    /usr/lib/x86_64-linux-gnu/libpixman-1.so.0.32.6
7f395752a000-7f395752b000 rw-p 000ac000 08:01 2236168                    /usr/lib/x86_64-linux-gnu/libpixman-1.so.0.32.6
7f395752b000-7f3957551000 r-xp 00000000 08:01 4850172                    /lib/x86_64-linux-gnu/libpng12.so.0.50.0
7f3957551000-7f3957750000 ---p 00026000 08:01 4850172                    /lib/x86_64-linux-gnu/libpng12.so.0.50.0
7f3957750000-7f3957751000 r--p 00025000 08:01 4850172                    /lib/x86_64-linux-gnu/libpng12.so.0.50.0
7f3957751000-7f3957752000 rw-p 00026000 08:01 4850172                    /lib/x86_64-linux-gnu/libpng12.so.0.50.0
7f3957752000-7f39577a7000 r-xp 00000000 08:01 2236206                    /usr/lib/x86_64-linux-gnu/libharfbuzz.so.0.935.0
7f39577a7000-7f39579a6000 ---p 00055000 08:01 2236206                    /usr/lib/x86_64-linux-gnu/libharfbuzz.so.0.935.0
7f39579a6000-7f39579a8000 r--p 00054000 08:01 2236206                    /usr/lib/x86_64-linux-gnu/libharfbuzz.so.0.935.0
7f39579a8000-7f39579a9000 rw-p 00056000 08:01 2236206                    /usr/lib/x86_64-linux-gnu/libharfbuzz.so.0.935.0
7f39579a9000-7f39579bd000 r-xp 00000000 08:01 4852776                    /lib/x86_64-linux-gnu/libresolv-2.19.so
7f39579bd000-7f3957bbc000 ---p 00014000 08:01 4852776                    /lib/x86_64-linux-gnu/libresolv-2.19.so
7f3957bbc000-7f3957bbd000 r--p 00013000 08:01 4852776                    /lib/x86_64-linux-gnu/libresolv-2.19.so
7f3957bbd000-7f3957bbe000 rw-p 00014000 08:01 4852776                    /lib/x86_64-linux-gnu/libresolv-2.19.so
7f3957bbe000-7f3957bc0000 rw-p 00000000 00:00 0 
7f3957bc0000-7f3957be1000 r-xp 00000000 08:01 4849763                    /lib/x86_64-linux-gnu/libselinux.so.1
7f3957be1000-7f3957de1000 ---p 00021000 08:01 4849763                    /lib/x86_64-linux-gnu/libselinux.so.1
7f3957de1000-7f3957de2000 r--p 00021000 08:01 4849763                    /lib/x86_64-linux-gnu/libselinux.so.1
7f3957de2000-7f3957de3000 rw-p 00022000 08:01 4849763                    /lib/x86_64-linux-gnu/libselinux.so.1
7f3957de3000-7f3957de5000 rw-p 00000000 00:00 0 
7f3957de5000-7f3957dff000 r-xp 00000000 08:01 4849764                    /lib/x86_64-linux-gnu/libz.so.1.2.8
7f3957dff000-7f3957ffe000 ---p 0001a000 08:01 4849764                    /lib/x86_64-linux-gnu/libz.so.1.2.8
7f3957ffe000-7f3957fff000 r--p 00019000 08:01 4849764                    /lib/x86_64-linux-gnu/libz.so.1.2.8
7f3957fff000-7f3958000000 rw-p 0001a000 08:01 4849764                    /lib/x86_64-linux-gnu/libz.so.1.2.8
7f3958000000-7f3958021000 rw-p 00000000 00:00 0 
7f3958021000-7f395c000000 ---p 00000000 00:00 0 
7f395c000000-7f395c021000 rw-p 00000000 00:00 0 
7f395c021000-7f3960000000 ---p 00000000 00:00 0 
7f3960000000-7f396109f000 rw-p 00000000 00:00 0 
7f396109f000-7f3964000000 ---p 00000000 00:00 0 
7f3964000000-7f3964327000 rw-p 00000000 00:00 0 
7f3964327000-7f3968000000 ---p 00000000 00:00 0 
7f3968000000-7f3968021000 rw-p 00000000 00:00 0 
7f3968021000-7f396c000000 ---p 00000000 00:00 0 
7f396c000000-7f396c428000 rw-p 00000000 00:00 0 
7f396c428000-7f3970000000 ---p 00000000 00:00 0 
7f3970000000-7f3970021000 rw-p 00000000 00:00 0 
7f3970021000-7f3974000000 ---p 00000000 00:00 0 
7f3974000000-7f3974021000 rw-p 00000000 00:00 0 
7f3974021000-7f3978000000 ---p 00000000 00:00 0 
7f3978000000-7f3978021000 rw-p 00000000 00:00 0 
7f3978021000-7f397c000000 ---p 00000000 00:00 0 
7f397c000000-7f397c021000 rw-p 00000000 00:00 0 
7f397c021000-7f3980000000 ---p 00000000 00:00 0 
7f3980000000-7f3980021000 rw-p 00000000 00:00 0 
7f3980021000-7f3984000000 ---p 00000000 00:00 0 
7f3984003000-7f398400b000 rw-s 00000000 00:04 481310                     /drm mm object (deleted)
7f398400b000-7f398401f000 r--p 00000000 08:01 2270068                    /usr/lib/jvm/java-8-oracle/jre/lib/fonts/LucidaBrightItalic.ttf
7f398401f000-7f3984032000 r--p 00000000 08:01 2270073                    /usr/lib/jvm/java-8-oracle/jre/lib/fonts/LucidaBrightDemiItalic.ttf
7f3984032000-7f3984035000 ---p 00000000 00:00 0 
7f3984035000-7f3984133000 rw-p 00000000 00:00 0                          [stack:11925]
7f3984133000-7f3984144000 r-xp 00000000 08:01 2235811                    /usr/lib/x86_64-linux-gnu/libXext.so.6.4.0
7f3984144000-7f3984343000 ---p 00011000 08:01 2235811                    /usr/lib/x86_64-linux-gnu/libXext.so.6.4.0
7f3984343000-7f3984344000 r--p 00010000 08:01 2235811                    /usr/lib/x86_64-linux-gnu/libXext.so.6.4.0
7f3984344000-7f3984345000 rw-p 00011000 08:01 2235811                    /usr/lib/x86_64-linux-gnu/libXext.so.6.4.0
7f3984345000-7f398434f000 r-xp 00000000 08:01 2235810                    /usr/lib/x86_64-linux-gnu/libXcursor.so.1.0.2
7f398434f000-7f398454e000 ---p 0000a000 08:01 2235810                    /usr/lib/x86_64-linux-gnu/libXcursor.so.1.0.2
7f398454e000-7f398454f000 r--p 00009000 08:01 2235810                    /usr/lib/x86_64-linux-gnu/libXcursor.so.1.0.2
7f398454f000-7f3984550000 rw-p 0000a000 08:01 2235810                    /usr/lib/x86_64-linux-gnu/libXcursor.so.1.0.2
7f3984550000-7f3984559000 r-xp 00000000 08:01 2236397                    /usr/lib/x86_64-linux-gnu/libXrandr.so.2.2.0
7f3984559000-7f3984758000 ---p 00009000 08:01 2236397                    /usr/lib/x86_64-linux-gnu/libXrandr.so.2.2.0
7f3984758000-7f3984759000 r--p 00008000 08:01 2236397                    /usr/lib/x86_64-linux-gnu/libXrandr.so.2.2.0
7f3984759000-7f398475a000 rw-p 00009000 08:01 2236397                    /usr/lib/x86_64-linux-gnu/libXrandr.so.2.2.0
7f398475a000-7f3984769000 r-xp 00000000 08:01 2244755                    /usr/lib/x86_64-linux-gnu/libXi.so.6.1.0
7f3984769000-7f3984969000 ---p 0000f000 08:01 2244755                    /usr/lib/x86_64-linux-gnu/libXi.so.6.1.0
7f3984969000-7f398496a000 r--p 0000f000 08:01 2244755                    /usr/lib/x86_64-linux-gnu/libXi.so.6.1.0
7f398496a000-7f398496b000 rw-p 00010000 08:01 2244755                    /usr/lib/x86_64-linux-gnu/libXi.so.6.1.0
7f398496b000-7f398496d000 r-xp 00000000 08:01 2235813                    /usr/lib/x86_64-linux-gnu/libXinerama.so.1.0.0
7f398496d000-7f3984b6c000 ---p 00002000 08:01 2235813                    /usr/lib/x86_64-linux-gnu/libXinerama.so.1.0.0
7f3984b6c000-7f3984b6d000 r--p 00001000 08:01 2235813                    /usr/lib/x86_64-linux-gnu/libXinerama.so.1.0.0
7f3984b6d000-7f3984b6e000 rw-p 00002000 08:01 2235813                    /usr/lib/x86_64-linux-gnu/libXinerama.so.1.0.0
7f3984b6e000-7f3984b77000 r-xp 00000000 08:01 2235815                    /usr/lib/x86_64-linux-gnu/libXrender.so.1.3.0
7f3984b77000-7f3984d76000 ---p 00009000 08:01 2235815                    /usr/lib/x86_64-linux-gnu/libXrender.so.1.3.0
7f3984d76000-7f3984d77000 r--p 00008000 08:01 2235815                    /usr/lib/x86_64-linux-gnu/libXrender.so.1.3.0
7f3984d77000-7f3984d78000 rw-p 00009000 08:01 2235815                    /usr/lib/x86_64-linux-gnu/libXrender.so.1.3.0
7f3984d78000-7f3984d7d000 r-xp 00000000 08:01 2233040                    /usr/lib/x86_64-linux-gnu/libXfixes.so.3.1.0
7f3984d7d000-7f3984f7c000 ---p 00005000 08:01 2233040                    /usr/lib/x86_64-linux-gnu/libXfixes.so.3.1.0
7f3984f7c000-7f3984f7d000 r--p 00004000 08:01 2233040                    /usr/lib/x86_64-linux-gnu/libXfixes.so.3.1.0
7f3984f7d000-7f3984f7e000 rw-p 00005000 08:01 2233040                    /usr/lib/x86_64-linux-gnu/libXfixes.so.3.1.0
7f3984f7e000-7f3984f80000 r-xp 00000000 08:01 2236362                    /usr/lib/x86_64-linux-gnu/libXdamage.so.1.1.0
7f3984f80000-7f398517f000 ---p 00002000 08:01 2236362                    /usr/lib/x86_64-linux-gnu/libXdamage.so.1.1.0
7f398517f000-7f3985180000 r--p 00001000 08:01 2236362                    /usr/lib/x86_64-linux-gnu/libXdamage.so.1.1.0
7f3985180000-7f3985181000 rw-p 00002000 08:01 2236362                    /usr/lib/x86_64-linux-gnu/libXdamage.so.1.1.0
7f3985181000-7f3985183000 r-xp 00000000 08:01 2236358                    /usr/lib/x86_64-linux-gnu/libXcomposite.so.1.0.0
7f3985183000-7f3985382000 ---p 00002000 08:01 2236358                    /usr/lib/x86_64-linux-gnu/libXcomposite.so.1.0.0
7f3985382000-7f3985383000 r--p 00001000 08:01 2236358                    /usr/lib/x86_64-linux-gnu/libXcomposite.so.1.0.0
7f3985383000-7f3985384000 rw-p 00002000 08:01 2236358                    /usr/lib/x86_64-linux-gnu/libXcomposite.so.1.0.0
7f3985384000-7f398539a000 r-xp 00000000 08:01 4852924                    /lib/x86_64-linux-gnu/libgcc_s.so.1
7f398539a000-7f3985599000 ---p 00016000 08:01 4852924                    /lib/x86_64-linux-gnu/libgcc_s.so.1
7f3985599000-7f398559a000 rw-p 00015000 08:01 4852924                    /lib/x86_64-linux-gnu/libgcc_s.so.1
7f398559a000-7f3985686000 r-xp 00000000 08:01 2228839                    /usr/lib/x86_64-linux-gnu/libstdc++.so.6.0.20
7f3985686000-7f3985886000 ---p 000ec000 08:01 2228839                    /usr/lib/x86_64-linux-gnu/libstdc++.so.6.0.20
7f3985886000-7f398588e000 r--p 000ec000 08:01 2228839                    /usr/lib/x86_64-linux-gnu/libstdc++.so.6.0.20
7f398588e000-7f3985890000 rw-p 000f4000 08:01 2228839                    /usr/lib/x86_64-linux-gnu/libstdc++.so.6.0.20
7f3985890000-7f39858a5000 rw-p 00000000 00:00 0 
7f39858a5000-7f398593b000 r-xp 00000000 08:01 2236375                    /usr/lib/x86_64-linux-gnu/libGL.so.1.2.0
7f398593b000-7f3985b3a000 ---p 00096000 08:01 2236375                    /usr/lib/x86_64-linux-gnu/libGL.so.1.2.0
7f3985b3a000-7f3985b3d000 r--p 00095000 08:01 2236375                    /usr/lib/x86_64-linux-gnu/libGL.so.1.2.0
7f3985b3d000-7f3985b3e000 rw-p 00098000 08:01 2236375                    /usr/lib/x86_64-linux-gnu/libGL.so.1.2.0
7f3985b3e000-7f3985b3f000 rw-p 00000000 00:00 0 
7f3985b3f000-7f3985b44000 r-xp 00000000 08:01 2235827                    /usr/lib/x86_64-linux-gnu/libXxf86vm.so.1.0.0
7f3985b44000-7f3985d43000 ---p 00005000 08:01 2235827                    /usr/lib/x86_64-linux-gnu/libXxf86vm.so.1.0.0
7f3985d43000-7f3985d44000 r--p 00004000 08:01 2235827                    /usr/lib/x86_64-linux-gnu/libXxf86vm.so.1.0.0
7f3985d44000-7f3985d45000 rw-p 00005000 08:01 2235827                    /usr/lib/x86_64-linux-gnu/libXxf86vm.so.1.0.0
7f3985d45000-7f3985e81000 r-xp 00000000 08:01 2233034                    /usr/lib/x86_64-linux-gnu/libX11.so.6.3.0
7f3985e81000-7f3986080000 ---p 0013c000 08:01 2233034                    /usr/lib/x86_64-linux-gnu/libX11.so.6.3.0
7f3986080000-7f3986082000 r--p 0013b000 08:01 2233034                    /usr/lib/x86_64-linux-gnu/libX11.so.6.3.0
7f3986082000-7f3986087000 rw-p 0013d000 08:01 2233034                    /usr/lib/x86_64-linux-gnu/libX11.so.6.3.0
7f3986087000-7f3986088000 rw-p 00000000 00:00 0 
7f3986088000-7f398608d000 r-xp 00000000 08:01 2244763                    /usr/lib/x86_64-linux-gnu/libXtst.so.6.1.0
7f398608d000-7f398628c000 ---p 00005000 08:01 2244763                    /usr/lib/x86_64-linux-gnu/libXtst.so.6.1.0
7f398628c000-7f398628d000 r--p 00004000 08:01 2244763                    /usr/lib/x86_64-linux-gnu/libXtst.so.6.1.0
7f398628d000-7f398628e000 rw-p 00005000 08:01 2244763                    /usr/lib/x86_64-linux-gnu/libXtst.so.6.1.0
7f398628e000-7f398639a000 r-xp 00000000 08:01 4850170                    /lib/x86_64-linux-gnu/libglib-2.0.so.0.4200.1
7f398639a000-7f398659a000 ---p 0010c000 08:01 4850170                    /lib/x86_64-linux-gnu/libglib-2.0.so.0.4200.1
7f398659a000-7f398659b000 r--p 0010c000 08:01 4850170                    /lib/x86_64-linux-gnu/libglib-2.0.so.0.4200.1
7f398659b000-7f398659c000 rw-p 0010d000 08:01 4850170                    /lib/x86_64-linux-gnu/libglib-2.0.so.0.4200.1
7f398659c000-7f398659d000 rw-p 00000000 00:00 0 
7f398659d000-7f398659e000 r-xp 00000000 08:01 2236068                    /usr/lib/x86_64-linux-gnu/libgthread-2.0.so.0.4200.1
7f398659e000-7f398679d000 ---p 00001000 08:01 2236068                    /usr/lib/x86_64-linux-gnu/libgthread-2.0.so.0.4200.1
7f398679d000-7f398679e000 r--p 00000000 08:01 2236068                    /usr/lib/x86_64-linux-gnu/libgthread-2.0.so.0.4200.1
7f398679e000-7f398679f000 rw-p 00001000 08:01 2236068                    /usr/lib/x86_64-linux-gnu/libgthread-2.0.so.0.4200.1
7f398679f000-7f39867a2000 r-xp 00000000 08:01 2236067                    /usr/lib/x86_64-linux-gnu/libgmodule-2.0.so.0.4200.1
7f39867a2000-7f39869a1000 ---p 00003000 08:01 2236067                    /usr/lib/x86_64-linux-gnu/libgmodule-2.0.so.0.4200.1
7f39869a1000-7f39869a2000 r--p 00002000 08:01 2236067                    /usr/lib/x86_64-linux-gnu/libgmodule-2.0.so.0.4200.1
7f39869a2000-7f39869a3000 rw-p 00003000 08:01 2236067                    /usr/lib/x86_64-linux-gnu/libgmodule-2.0.so.0.4200.1
7f39869a3000-7f39869f4000 r-xp 00000000 08:01 2236066                    /usr/lib/x86_64-linux-gnu/libgobject-2.0.so.0.4200.1
7f39869f4000-7f3986bf4000 ---p 00051000 08:01 2236066                    /usr/lib/x86_64-linux-gnu/libgobject-2.0.so.0.4200.1
7f3986bf4000-7f3986bf5000 r--p 00051000 08:01 2236066                    /usr/lib/x86_64-linux-gnu/libgobject-2.0.so.0.4200.1
7f3986bf5000-7f3986bf6000 rw-p 00052000 08:01 2236066                    /usr/lib/x86_64-linux-gnu/libgobject-2.0.so.0.4200.1
7f3986bf6000-7f3986c31000 r-xp 00000000 08:01 2236165                    /usr/lib/x86_64-linux-gnu/libfontconfig.so.1.8.0
7f3986c31000-7f3986e30000 ---p 0003b000 08:01 2236165                    /usr/lib/x86_64-linux-gnu/libfontconfig.so.1.8.0
7f3986e30000-7f3986e32000 r--p 0003a000 08:01 2236165                    /usr/lib/x86_64-linux-gnu/libfontconfig.so.1.8.0
7f3986e32000-7f3986e33000 rw-p 0003c000 08:01 2236165                    /usr/lib/x86_64-linux-gnu/libfontconfig.so.1.8.0
7f3986e33000-7f3986ed7000 r-xp 00000000 08:01 2236162                    /usr/lib/x86_64-linux-gnu/libfreetype.so.6.11.1
7f3986ed7000-7f39870d6000 ---p 000a4000 08:01 2236162                    /usr/lib/x86_64-linux-gnu/libfreetype.so.6.11.1
7f39870d6000-7f39870dc000 r--p 000a3000 08:01 2236162                    /usr/lib/x86_64-linux-gnu/libfreetype.so.6.11.1
7f39870dc000-7f39870dd000 rw-p 000a9000 08:01 2236162                    /usr/lib/x86_64-linux-gnu/libfreetype.so.6.11.1
7f39870dd000-7f3987128000 r-xp 00000000 08:01 2236200                    /usr/lib/x86_64-linux-gnu/libpango-1.0.so.0.3600.8
7f3987128000-7f3987328000 ---p 0004b000 08:01 2236200                    /usr/lib/x86_64-linux-gnu/libpango-1.0.so.0.3600.8
7f3987328000-7f398732a000 r--p 0004b000 08:01 2236200                    /usr/lib/x86_64-linux-gnu/libpango-1.0.so.0.3600.8
7f398732a000-7f398732b000 rw-p 0004d000 08:01 2236200                    /usr/lib/x86_64-linux-gnu/libpango-1.0.so.0.3600.8
7f398732b000-7f398743b000 r-xp 00000000 08:01 2236174                    /usr/lib/x86_64-linux-gnu/libcairo.so.2.11400.0
7f398743b000-7f398763b000 ---p 00110000 08:01 2236174                    /usr/lib/x86_64-linux-gnu/libcairo.so.2.11400.0
7f398763b000-7f398763e000 r--p 00110000 08:01 2236174                    /usr/lib/x86_64-linux-gnu/libcairo.so.2.11400.0
7f398763e000-7f398763f000 rw-p 00113000 08:01 2236174                    /usr/lib/x86_64-linux-gnu/libcairo.so.2.11400.0
7f398763f000-7f3987641000 rw-p 00000000 00:00 0 
7f3987641000-7f398764d000 r-xp 00000000 08:01 2236210                    /usr/lib/x86_64-linux-gnu/libpangocairo-1.0.so.0.3600.8
7f398764d000-7f398784c000 ---p 0000c000 08:01 2236210                    /usr/lib/x86_64-linux-gnu/libpangocairo-1.0.so.0.3600.8
7f398784c000-7f398784d000 r--p 0000b000 08:01 2236210                    /usr/lib/x86_64-linux-gnu/libpangocairo-1.0.so.0.3600.8
7f398784d000-7f398784e000 rw-p 0000c000 08:01 2236210                    /usr/lib/x86_64-linux-gnu/libpangocairo-1.0.so.0.3600.8
7f398784e000-7f398786f000 r-xp 00000000 08:01 2252300                    /usr/lib/x86_64-linux-gnu/libgdk_pixbuf-2.0.so.0.3100.1
7f398786f000-7f3987a6e000 ---p 00021000 08:01 2252300                    /usr/lib/x86_64-linux-gnu/libgdk_pixbuf-2.0.so.0.3100.1
7f3987a6e000-7f3987a6f000 r--p 00020000 08:01 2252300                    /usr/lib/x86_64-linux-gnu/libgdk_pixbuf-2.0.so.0.3100.1
7f3987a6f000-7f3987a70000 rw-p 00021000 08:01 2252300                    /usr/lib/x86_64-linux-gnu/libgdk_pixbuf-2.0.so.0.3100.1
7f3987a70000-7f3987a84000 r-xp 00000000 08:01 2236208                    /usr/lib/x86_64-linux-gnu/libpangoft2-1.0.so.0.3600.8
7f3987a84000-7f3987c84000 ---p 00014000 08:01 2236208                    /usr/lib/x86_64-linux-gnu/libpangoft2-1.0.so.0.3600.8
7f3987c84000-7f3987c85000 r--p 00014000 08:01 2236208                    /usr/lib/x86_64-linux-gnu/libpangoft2-1.0.so.0.3600.8
7f3987c85000-7f3987c86000 rw-p 00015000 08:01 2236208                    /usr/lib/x86_64-linux-gnu/libpangoft2-1.0.so.0.3600.8
7f3987c86000-7f3987df8000 r-xp 00000000 08:01 2236069                    /usr/lib/x86_64-linux-gnu/libgio-2.0.so.0.4200.1
7f3987df8000-7f3987ff8000 ---p 00172000 08:01 2236069                    /usr/lib/x86_64-linux-gnu/libgio-2.0.so.0.4200.1
7f3987ff8000-7f3987ffc000 r--p 00172000 08:01 2236069                    /usr/lib/x86_64-linux-gnu/libgio-2.0.so.0.4200.1
7f3987ffc000-7f3987ffe000 rw-p 00176000 08:01 2236069                    /usr/lib/x86_64-linux-gnu/libgio-2.0.so.0.4200.1
7f3987ffe000-7f3988000000 rw-p 00000000 00:00 0 
7f3988000000-7f3988021000 rw-p 00000000 00:00 0 
7f3988021000-7f398c000000 ---p 00000000 00:00 0 
7f398c001000-7f398c003000 rw-s 00000000 00:04 475896                     /drm mm object (deleted)
7f398c003000-7f398c008000 r--s 00084000 08:01 2270017                    /usr/lib/jvm/java-8-oracle/jre/lib/jfr.jar
7f398c008000-7f398c01b000 r--p 00000000 08:01 2270076                    /usr/lib/jvm/java-8-oracle/jre/lib/fonts/LucidaBrightDemiBold.ttf
7f398c01b000-7f398c026000 r--s 00000000 08:01 4721469                    /var/cache/fontconfig/945677eb7aeaf62f1d50efc3fb3ec7d8-le64.cache-4
7f398c026000-7f398c02a000 r--s 00000000 08:01 4721481                    /var/cache/fontconfig/6d41288fd70b0be22e8c3a91e032eec0-le64.cache-4
7f398c02a000-7f398c065000 r--s 00000000 08:01 4721479                    /var/cache/fontconfig/365b55f210c0a22e9a19e35191240f32-le64.cache-4
7f398c065000-7f398c06c000 r--s 00000000 08:01 4721478                    /var/cache/fontconfig/3047814df9a2f067bd2d96a2b9c36e5a-le64.cache-4
7f398c06c000-7f398c07f000 r--s 00000000 08:01 4719686                    /var/cache/fontconfig/d52a8644073d54c13679302ca1180695-le64.cache-4
7f398c07f000-7f398c089000 r--s 00000000 08:01 4721474                    /var/cache/fontconfig/3f7329c5293ffd510edef78f73874cfd-le64.cache-4
7f398c089000-7f398c0ac000 r-xp 00000000 08:01 2236291                    /usr/lib/x86_64-linux-gnu/libatk-1.0.so.0.21409.1
7f398c0ac000-7f398c2ab000 ---p 00023000 08:01 2236291                    /usr/lib/x86_64-linux-gnu/libatk-1.0.so.0.21409.1
7f398c2ab000-7f398c2af000 r--p 00022000 08:01 2236291                    /usr/lib/x86_64-linux-gnu/libatk-1.0.so.0.21409.1
7f398c2af000-7f398c2b0000 rw-p 00026000 08:01 2236291                    /usr/lib/x86_64-linux-gnu/libatk-1.0.so.0.21409.1
7f398c2b0000-7f398c360000 r-xp 00000000 08:01 2234560                    /usr/lib/x86_64-linux-gnu/libgdk-x11-2.0.so.0.2400.25
7f398c360000-7f398c560000 ---p 000b0000 08:01 2234560                    /usr/lib/x86_64-linux-gnu/libgdk-x11-2.0.so.0.2400.25
7f398c560000-7f398c564000 r--p 000b0000 08:01 2234560                    /usr/lib/x86_64-linux-gnu/libgdk-x11-2.0.so.0.2400.25
7f398c564000-7f398c566000 rw-p 000b4000 08:01 2234560                    /usr/lib/x86_64-linux-gnu/libgdk-x11-2.0.so.0.2400.25
7f398c566000-7f398c9a4000 r-xp 00000000 08:01 2234559                    /usr/lib/x86_64-linux-gnu/libgtk-x11-2.0.so.0.2400.25
7f398c9a4000-7f398cba4000 ---p 0043e000 08:01 2234559                    /usr/lib/x86_64-linux-gnu/libgtk-x11-2.0.so.0.2400.25
7f398cba4000-7f398cbab000 r--p 0043e000 08:01 2234559                    /usr/lib/x86_64-linux-gnu/libgtk-x11-2.0.so.0.2400.25
7f398cbab000-7f398cbaf000 rw-p 00445000 08:01 2234559                    /usr/lib/x86_64-linux-gnu/libgtk-x11-2.0.so.0.2400.25
7f398cbaf000-7f398cbb2000 rw-p 00000000 00:00 0 
7f398cbb3000-7f398cbbe000 r--s 00000000 08:01 4721470                    /var/cache/fontconfig/d589a48862398ed80a3d6066f4f56f4c-le64.cache-4
7f398cbbe000-7f398cbcb000 r--s 00000000 08:01 4718794                    /var/cache/fontconfig/e13b20fdb08344e0e664864cc2ede53d-le64.cache-4
7f398cbcb000-7f398cbd3000 rw-s 00000000 00:04 481318                     /drm mm object (deleted)
7f398cbd3000-7f398cbdf000 r-xp 00000000 08:01 2270257                    /usr/lib/jvm/java-8-oracle/jre/lib/amd64/libprism_es2.so
7f398cbdf000-7f398cdde000 ---p 0000c000 08:01 2270257                    /usr/lib/jvm/java-8-oracle/jre/lib/amd64/libprism_es2.so
7f398cdde000-7f398cddf000 rw-p 0000b000 08:01 2270257                    /usr/lib/jvm/java-8-oracle/jre/lib/amd64/libprism_es2.so
7f398cddf000-7f398cde2000 ---p 00000000 00:00 0 
7f398cde2000-7f398cee0000 rw-p 00000000 00:00 0                          [stack:11924]
7f398cee0000-7f398cf76000 r--s 0110a000 08:01 2270143                    /usr/lib/jvm/java-8-oracle/jre/lib/ext/jfxrt.jar
7f398cf76000-7f398cf77000 ---p 00000000 00:00 0 
7f398cf77000-7f398d077000 rw-p 00000000 00:00 0                          [stack:11923]
7f398d077000-7f398d07a000 ---p 00000000 00:00 0 
7f398d07a000-7f398d178000 rw-p 00000000 00:00 0                          [stack:11922]
7f398d178000-7f398d17b000 ---p 00000000 00:00 0 
7f398d17b000-7f398d279000 rw-p 00000000 00:00 0                          [stack:11921]
7f398d279000-7f398d27c000 ---p 00000000 00:00 0 
7f398d27c000-7f398d37a000 rw-p 00000000 00:00 0                          [stack:11920]
7f398d37a000-7f398d37d000 ---p 00000000 00:00 0 
7f398d37d000-7f398d47b000 rw-p 00000000 00:00 0                          [stack:11919]
7f398d47b000-7f398d47e000 ---p 00000000 00:00 0 
7f398d47e000-7f398d57c000 rw-p 00000000 00:00 0                          [stack:11918]
7f398d57c000-7f398d705000 r--p 00000000 08:01 2228345                    /usr/lib/locale/locale-archive
7f398d705000-7f398d708000 ---p 00000000 00:00 0 
7f398d708000-7f398d806000 rw-p 00000000 00:00 0                          [stack:11917]
7f398d806000-7f398d809000 ---p 00000000 00:00 0 
7f398d809000-7f398d907000 rw-p 00000000 00:00 0                          [stack:11916]
7f398d907000-7f398d908000 ---p 00000000 00:00 0 
7f398d908000-7f398e210000 rw-p 00000000 00:00 0                          [stack:11915]
7f398e210000-7f3990000000 rw-p 00000000 00:00 0 
7f3990000000-7f3990021000 rw-p 00000000 00:00 0 
7f3990021000-7f3994000000 ---p 00000000 00:00 0 
7f3994000000-7f3994001000 rw-s 00000000 00:04 475885                     /drm mm object (deleted)
7f3994001000-7f3994009000 rw-s 00000000 00:04 481287                     /drm mm object (deleted)
7f3994009000-7f3994011000 rw-s 00000000 00:04 475868                     /drm mm object (deleted)
7f3994011000-7f3994021000 r--s 014dd000 08:01 4131655                    /home/iran/NetBeansProjects/Memorizando/Memorizando/dist/run1955954270/Memorizando.jar
7f3994021000-7f3994627000 rw-p 00000000 00:00 0 
7f3994627000-7f3994800000 r--s 03d64000 08:01 2270040                    /usr/lib/jvm/java-8-oracle/jre/lib/rt.jar
7f3994800000-7f3995000000 rw-p 00000000 00:00 0 
7f3995000000-7f39956d0000 rwxp 00000000 00:00 0 
7f39956d0000-7f39a4000000 ---p 00000000 00:00 0 
7f39a4000000-7f39a450e000 rw-p 00000000 00:00 0 
7f39a450e000-7f39a8000000 ---p 00000000 00:00 0 
7f39a8000000-7f39a8001000 rw-p 00000000 00:00 0 
7f39a8001000-7f39a8002000 rw-s 00000000 00:04 475878                     /drm mm object (deleted)
7f39a8002000-7f39a8152000 rw-p 00000000 00:00 0 
7f39a8152000-7f39a8331000 rw-p 00000000 00:00 0 
7f39a8331000-7f39a8332000 ---p 00000000 00:00 0 
7f39a8332000-7f39a8432000 rw-p 00000000 00:00 0                          [stack:11914]
7f39a8432000-7f39a8433000 ---p 00000000 00:00 0 
7f39a8433000-7f39a8533000 rw-p 00000000 00:00 0                          [stack:11913]
7f39a8533000-7f39a8534000 ---p 00000000 00:00 0 
7f39a8534000-7f39a8634000 rw-p 00000000 00:00 0                          [stack:11912]
7f39a8634000-7f39a8635000 ---p 00000000 00:00 0 
7f39a8635000-7f39a8735000 rw-p 00000000 00:00 0                          [stack:11911]
7f39a8735000-7f39a8749000 rw-p 00000000 00:00 0 
7f39a8749000-7f39a8875000 ---p 00000000 00:00 0 
7f39a8875000-7f39a8889000 rw-p 00000000 00:00 0 
7f39a8889000-7f39a89b4000 ---p 00000000 00:00 0 
7f39a89b4000-7f39a89c6000 rw-p 00000000 00:00 0 
7f39a89c6000-7f39a8a54000 ---p 00000000 00:00 0 
7f39a8a54000-7f39a8a71000 rw-p 00000000 00:00 0 
7f39a8a71000-7f39a8e15000 ---p 00000000 00:00 0 
7f39a8e15000-7f39a8e30000 r-xp 00000000 08:01 2270249                    /usr/lib/jvm/java-8-oracle/jre/lib/amd64/libzip.so
7f39a8e30000-7f39a9030000 ---p 0001b000 08:01 2270249                    /usr/lib/jvm/java-8-oracle/jre/lib/amd64/libzip.so
7f39a9030000-7f39a9031000 rw-p 0001b000 08:01 2270249                    /usr/lib/jvm/java-8-oracle/jre/lib/amd64/libzip.so
7f39a9031000-7f39a903c000 r-xp 00000000 08:01 4852771                    /lib/x86_64-linux-gnu/libnss_files-2.19.so
7f39a903c000-7f39a923b000 ---p 0000b000 08:01 4852771                    /lib/x86_64-linux-gnu/libnss_files-2.19.so
7f39a923b000-7f39a923c000 r--p 0000a000 08:01 4852771                    /lib/x86_64-linux-gnu/libnss_files-2.19.so
7f39a923c000-7f39a923d000 rw-p 0000b000 08:01 4852771                    /lib/x86_64-linux-gnu/libnss_files-2.19.so
7f39a923d000-7f39a9247000 r-xp 00000000 08:01 4852773                    /lib/x86_64-linux-gnu/libnss_nis-2.19.so
7f39a9247000-7f39a9446000 ---p 0000a000 08:01 4852773                    /lib/x86_64-linux-gnu/libnss_nis-2.19.so
7f39a9446000-7f39a9447000 r--p 00009000 08:01 4852773                    /lib/x86_64-linux-gnu/libnss_nis-2.19.so
7f39a9447000-7f39a9448000 rw-p 0000a000 08:01 4852773                    /lib/x86_64-linux-gnu/libnss_nis-2.19.so
7f39a9448000-7f39a945d000 r-xp 00000000 08:01 4852768                    /lib/x86_64-linux-gnu/libnsl-2.19.so
7f39a945d000-7f39a965c000 ---p 00015000 08:01 4852768                    /lib/x86_64-linux-gnu/libnsl-2.19.so
7f39a965c000-7f39a965d000 r--p 00014000 08:01 4852768                    /lib/x86_64-linux-gnu/libnsl-2.19.so
7f39a965d000-7f39a965e000 rw-p 00015000 08:01 4852768                    /lib/x86_64-linux-gnu/libnsl-2.19.so
7f39a965e000-7f39a9660000 rw-p 00000000 00:00 0 
7f39a9660000-7f39a9667000 r-xp 00000000 08:01 4852769                    /lib/x86_64-linux-gnu/libnss_compat-2.19.so
7f39a9667000-7f39a9866000 ---p 00007000 08:01 4852769                    /lib/x86_64-linux-gnu/libnss_compat-2.19.so
7f39a9866000-7f39a9867000 r--p 00006000 08:01 4852769                    /lib/x86_64-linux-gnu/libnss_compat-2.19.so
7f39a9867000-7f39a9868000 rw-p 00007000 08:01 4852769                    /lib/x86_64-linux-gnu/libnss_compat-2.19.so
7f39a9868000-7f39a9893000 r-xp 00000000 08:01 2270243                    /usr/lib/jvm/java-8-oracle/jre/lib/amd64/libjava.so
7f39a9893000-7f39a9a92000 ---p 0002b000 08:01 2270243                    /usr/lib/jvm/java-8-oracle/jre/lib/amd64/libjava.so
7f39a9a92000-7f39a9a94000 rw-p 0002a000 08:01 2270243                    /usr/lib/jvm/java-8-oracle/jre/lib/amd64/libjava.so
7f39a9a94000-7f39a9aa1000 r-xp 00000000 08:01 2270248                    /usr/lib/jvm/java-8-oracle/jre/lib/amd64/libverify.so
7f39a9aa1000-7f39a9ca1000 ---p 0000d000 08:01 2270248                    /usr/lib/jvm/java-8-oracle/jre/lib/amd64/libverify.so
7f39a9ca1000-7f39a9ca3000 rw-p 0000d000 08:01 2270248                    /usr/lib/jvm/java-8-oracle/jre/lib/amd64/libverify.so
7f39a9ca3000-7f39a9caa000 r-xp 00000000 08:01 4852777                    /lib/x86_64-linux-gnu/librt-2.19.so
7f39a9caa000-7f39a9ea9000 ---p 00007000 08:01 4852777                    /lib/x86_64-linux-gnu/librt-2.19.so
7f39a9ea9000-7f39a9eaa000 r--p 00006000 08:01 4852777                    /lib/x86_64-linux-gnu/librt-2.19.so
7f39a9eaa000-7f39a9eab000 rw-p 00007000 08:01 4852777                    /lib/x86_64-linux-gnu/librt-2.19.so
7f39a9eab000-7f39a9fab000 r-xp 00000000 08:01 4852766                    /lib/x86_64-linux-gnu/libm-2.19.so
7f39a9fab000-7f39aa1aa000 ---p 00100000 08:01 4852766                    /lib/x86_64-linux-gnu/libm-2.19.so
7f39aa1aa000-7f39aa1ab000 r--p 000ff000 08:01 4852766                    /lib/x86_64-linux-gnu/libm-2.19.so
7f39aa1ab000-7f39aa1ac000 rw-p 00100000 08:01 4852766                    /lib/x86_64-linux-gnu/libm-2.19.so
7f39aa1ac000-7f39aae85000 r-xp 00000000 08:01 2270269                    /usr/lib/jvm/java-8-oracle/jre/lib/amd64/server/libjvm.so
7f39aae85000-7f39ab084000 ---p 00cd9000 08:01 2270269                    /usr/lib/jvm/java-8-oracle/jre/lib/amd64/server/libjvm.so
7f39ab084000-7f39ab15d000 rw-p 00cd8000 08:01 2270269                    /usr/lib/jvm/java-8-oracle/jre/lib/amd64/server/libjvm.so
7f39ab15d000-7f39ab1a9000 rw-p 00000000 00:00 0 
7f39ab1a9000-7f39ab34a000 r-xp 00000000 08:01 4852762                    /lib/x86_64-linux-gnu/libc-2.19.so
7f39ab34a000-7f39ab54a000 ---p 001a1000 08:01 4852762                    /lib/x86_64-linux-gnu/libc-2.19.so
7f39ab54a000-7f39ab54e000 r--p 001a1000 08:01 4852762                    /lib/x86_64-linux-gnu/libc-2.19.so
7f39ab54e000-7f39ab550000 rw-p 001a5000 08:01 4852762                    /lib/x86_64-linux-gnu/libc-2.19.so
7f39ab550000-7f39ab554000 rw-p 00000000 00:00 0 
7f39ab554000-7f39ab557000 r-xp 00000000 08:01 4852765                    /lib/x86_64-linux-gnu/libdl-2.19.so
7f39ab557000-7f39ab756000 ---p 00003000 08:01 4852765                    /lib/x86_64-linux-gnu/libdl-2.19.so
7f39ab756000-7f39ab757000 r--p 00002000 08:01 4852765                    /lib/x86_64-linux-gnu/libdl-2.19.so
7f39ab757000-7f39ab758000 rw-p 00003000 08:01 4852765                    /lib/x86_64-linux-gnu/libdl-2.19.so
7f39ab758000-7f39ab76e000 r-xp 00000000 08:01 2270266                    /usr/lib/jvm/java-8-oracle/jre/lib/amd64/jli/libjli.so
7f39ab76e000-7f39ab96d000 ---p 00016000 08:01 2270266                    /usr/lib/jvm/java-8-oracle/jre/lib/amd64/jli/libjli.so
7f39ab96d000-7f39ab96e000 rw-p 00015000 08:01 2270266                    /usr/lib/jvm/java-8-oracle/jre/lib/amd64/jli/libjli.so
7f39ab96e000-7f39ab986000 r-xp 00000000 08:01 4852758                    /lib/x86_64-linux-gnu/libpthread-2.19.so
7f39ab986000-7f39abb85000 ---p 00018000 08:01 4852758                    /lib/x86_64-linux-gnu/libpthread-2.19.so
7f39abb85000-7f39abb86000 r--p 00017000 08:01 4852758                    /lib/x86_64-linux-gnu/libpthread-2.19.so
7f39abb86000-7f39abb87000 rw-p 00018000 08:01 4852758                    /lib/x86_64-linux-gnu/libpthread-2.19.so
7f39abb87000-7f39abb8b000 rw-p 00000000 00:00 0 
7f39abb8b000-7f39abbac000 r-xp 00000000 08:01 4852759                    /lib/x86_64-linux-gnu/ld-2.19.so
7f39abbac000-7f39abbad000 r--s 00000000 08:01 4721164                    /var/cache/fontconfig/4794a0821666d79190d59a36cb4f44b5-le64.cache-4
7f39abbad000-7f39abbb0000 r--s 00000000 08:01 4721477                    /var/cache/fontconfig/e49e89034d371f0f9de17aab02136486-le64.cache-4
7f39abbb0000-7f39abbb2000 r--s 00000000 08:01 4721476                    /var/cache/fontconfig/4b14b093aebc79c320de5e86ae1d3314-le64.cache-4
7f39abbb2000-7f39abc83000 rw-p 00000000 00:00 0 
7f39abc83000-7f39abc86000 ---p 00000000 00:00 0 
7f39abc86000-7f39abd88000 rw-p 00000000 00:00 0                          [stack:11908]
7f39abd88000-7f39abd89000 r--s 00000000 08:01 4718768                    /var/cache/fontconfig/62f91419b9ebdb6975e7e41ab6412357-le64.cache-4
7f39abd89000-7f39abd8a000 r--s 00000000 08:01 3940820                    /home/iran/.cache/fontconfig/4e9ccf5c476c223b35bfea42fde7b5bc-le64.cache-4
7f39abd8a000-7f39abd8b000 rw-s 00000000 00:04 479630                     /drm mm object (deleted)
7f39abd8b000-7f39abd8c000 rw-s 00000000 00:04 475869                     /drm mm object (deleted)
7f39abd8c000-7f39abd9f000 rw-p 00000000 00:00 0 
7f39abd9f000-7f39abda7000 rw-s 00000000 08:01 1049280                    /tmp/hsperfdata_iran/11906
7f39abda7000-7f39abda8000 rw-p 00000000 00:00 0 
7f39abda8000-7f39abda9000 r--p 00000000 00:00 0 
7f39abda9000-7f39abdab000 rw-p 00000000 00:00 0 
7f39abdab000-7f39abdac000 r--p 00020000 08:01 4852759                    /lib/x86_64-linux-gnu/ld-2.19.so
7f39abdac000-7f39abdad000 rw-p 00021000 08:01 4852759                    /lib/x86_64-linux-gnu/ld-2.19.so
7f39abdad000-7f39abdae000 rw-p 00000000 00:00 0 
7fff50ce8000-7fff50d09000 rw-p 00000000 00:00 0                          [stack]
7fff50db0000-7fff50db2000 r-xp 00000000 00:00 0                          [vdso]
7fff50db2000-7fff50db4000 r--p 00000000 00:00 0                          [vvar]
ffffffffff600000-ffffffffff601000 r-xp 00000000 00:00 0                  [vsyscall]

VM Arguments:
jvm_args: -Dfile.encoding=UTF-8 
java_command: /home/iran/NetBeansProjects/Memorizando/Memorizando/dist/run1955954270/Memorizando.jar
java_class_path (initial): /home/iran/NetBeansProjects/Memorizando/Memorizando/dist/run1955954270/Memorizando.jar
Launcher Type: SUN_STANDARD

Environment Variables:
JAVA_HOME=/usr/lib/jvm/java-8-oracle
PATH=/usr/local/bin:/usr/bin:/bin:/usr/local/games:/usr/games:/usr/lib/jvm/java-8-oracle/bin:/usr/lib/jvm/java-8-oracle/db/bin:/usr/lib/jvm/java-8-oracle/jre/bin
USERNAME=iran
LD_LIBRARY_PATH=/usr/lib/jvm/java-8-oracle/jre/lib/amd64:/usr/lib/jvm/java-8-oracle/jre/lib/i386:
SHELL=/bin/bash
DISPLAY=:0

Signal Handlers:
SIGSEGV: [libjvm.so+0xad01e0], sa_mask[0]=11111111011111111101111111111110, sa_flags=SA_RESTART|SA_SIGINFO
SIGBUS: [libjvm.so+0xad01e0], sa_mask[0]=11111111011111111101111111111110, sa_flags=SA_RESTART|SA_SIGINFO
SIGFPE: [libjvm.so+0x927fb0], sa_mask[0]=11111111011111111101111111111110, sa_flags=SA_RESTART|SA_SIGINFO
SIGPIPE: SIG_IGN, sa_mask[0]=00000000000010000000000000000000, sa_flags=SA_RESTART
SIGXFSZ: [libjvm.so+0x927fb0], sa_mask[0]=11111111011111111101111111111110, sa_flags=SA_RESTART|SA_SIGINFO
SIGILL: [libjvm.so+0x927fb0], sa_mask[0]=11111111011111111101111111111110, sa_flags=SA_RESTART|SA_SIGINFO
SIGUSR1: SIG_DFL, sa_mask[0]=00000000000000000000000000000000, sa_flags=none
SIGUSR2: [libjvm.so+0x9297f0], sa_mask[0]=00100000000000000000000000000000, sa_flags=SA_RESTART|SA_SIGINFO
SIGHUP: [libjvm.so+0x92abf0], sa_mask[0]=11111111011111111101111111111110, sa_flags=SA_RESTART|SA_SIGINFO
SIGINT: SIG_IGN, sa_mask[0]=00000000000000000000000000000000, sa_flags=none
SIGTERM: [libjvm.so+0x92abf0], sa_mask[0]=11111111011111111101111111111110, sa_flags=SA_RESTART|SA_SIGINFO
SIGQUIT: [libjvm.so+0x92abf0], sa_mask[0]=11111111011111111101111111111110, sa_flags=SA_RESTART|SA_SIGINFO


---------------  S Y S T E M  ---------------

OS:PRETTY_NAME="Debian GNU/Linux 8 (jessie)"
NAME="Debian GNU/Linux"
VERSION_ID="8"
VERSION="8 (jessie)"
ID=debian
HOME_URL="http://www.debian.org/"
SUPPORT_URL="http://www.debian.org/support"
BUG_REPORT_URL="https://bugs.debian.org/"

uname:Linux 3.16.0-5-amd64 #1 SMP Debian 3.16.51-3+deb8u1 (2018-01-08) x86_64
libc:glibc 2.19 NPTL 2.19 
rlimit: STACK 8192k, CORE 0k, NPROC 15252, NOFILE 65536, AS infinity
load average:0.77 1.32 1.48

/proc/meminfo:
MemTotal:        3921716 kB
MemFree:          129808 kB
MemAvailable:    1417896 kB
Buffers:           69716 kB
Cached:          1592172 kB
SwapCached:        29336 kB
Active:          2351888 kB
Inactive:        1244884 kB
Active(anon):    1837888 kB
Inactive(anon):   336796 kB
Active(file):     514000 kB
Inactive(file):   908088 kB
Unevictable:         160 kB
Mlocked:             160 kB
SwapTotal:       4979708 kB
SwapFree:        4403460 kB
Dirty:               164 kB
Writeback:             0 kB
AnonPages:       1923396 kB
Mapped:           250528 kB
Shmem:            239728 kB
Slab:             107328 kB
SReclaimable:      69872 kB
SUnreclaim:        37456 kB
KernelStack:       10160 kB
PageTables:        36408 kB
NFS_Unstable:          0 kB
Bounce:                0 kB
WritebackTmp:          0 kB
CommitLimit:     6940564 kB
Committed_AS:    7123616 kB
VmallocTotal:   34359738367 kB
VmallocUsed:      348156 kB
VmallocChunk:   34359383004 kB
HardwareCorrupted:     0 kB
AnonHugePages:         0 kB
HugePages_Total:       0
HugePages_Free:        0
HugePages_Rsvd:        0
HugePages_Surp:        0
Hugepagesize:       2048 kB
DirectMap4k:       72956 kB
DirectMap2M:     3985408 kB


CPU:total 4 (initial active 4) (2 cores per cpu, 2 threads per core) family 6 model 42 stepping 7, cmov, cx8, fxsr, mmx, sse, sse2, sse3, ssse3, sse4.1, sse4.2, popcnt, avx, clmul, ht, tsc, tscinvbit

/proc/cpuinfo:
processor	: 0
vendor_id	: GenuineIntel
cpu family	: 6
model		: 42
model name	: Intel(R) Core(TM) i3-2328M CPU @ 2.20GHz
stepping	: 7
microcode	: 0x28
cpu MHz		: 888.937
cache size	: 3072 KB
physical id	: 0
siblings	: 4
core id		: 0
cpu cores	: 2
apicid		: 0
initial apicid	: 0
fpu		: yes
fpu_exception	: yes
cpuid level	: 13
wp		: yes
flags		: fpu vme de pse tsc msr pae mce cx8 apic sep mtrr pge mca cmov pat pse36 clflush dts acpi mmx fxsr sse sse2 ss ht tm pbe syscall nx rdtscp lm constant_tsc arch_perfmon pebs bts rep_good nopl xtopology nonstop_tsc aperfmperf eagerfpu pni pclmulqdq dtes64 monitor ds_cpl vmx est tm2 ssse3 cx16 xtpr pdcm pcid sse4_1 sse4_2 x2apic popcnt tsc_deadline_timer xsave avx lahf_lm arat epb xsaveopt pln pts dtherm tpr_shadow vnmi flexpriority ept vpid
bogomips	: 4390.19
clflush size	: 64
cache_alignment	: 64
address sizes	: 36 bits physical, 48 bits virtual
power management:

processor	: 1
vendor_id	: GenuineIntel
cpu family	: 6
model		: 42
model name	: Intel(R) Core(TM) i3-2328M CPU @ 2.20GHz
stepping	: 7
microcode	: 0x28
cpu MHz		: 801.625
cache size	: 3072 KB
physical id	: 0
siblings	: 4
core id		: 0
cpu cores	: 2
apicid		: 1
initial apicid	: 1
fpu		: yes
fpu_exception	: yes
cpuid level	: 13
wp		: yes
flags		: fpu vme de pse tsc msr pae mce cx8 apic sep mtrr pge mca cmov pat pse36 clflush dts acpi mmx fxsr sse sse2 ss ht tm pbe syscall nx rdtscp lm constant_tsc arch_perfmon pebs bts rep_good nopl xtopology nonstop_tsc aperfmperf eagerfpu pni pclmulqdq dtes64 monitor ds_cpl vmx est tm2 ssse3 cx16 xtpr pdcm pcid sse4_1 sse4_2 x2apic popcnt tsc_deadline_timer xsave avx lahf_lm arat epb xsaveopt pln pts dtherm tpr_shadow vnmi flexpriority ept vpid
bogomips	: 4390.19
clflush size	: 64
cache_alignment	: 64
address sizes	: 36 bits physical, 48 bits virtual
power management:

processor	: 2
vendor_id	: GenuineIntel
cpu family	: 6
model		: 42
model name	: Intel(R) Core(TM) i3-2328M CPU @ 2.20GHz
stepping	: 7
microcode	: 0x28
cpu MHz		: 799.906
cache size	: 3072 KB
physical id	: 0
siblings	: 4
core id		: 1
cpu cores	: 2
apicid		: 2
initial apicid	: 2
fpu		: yes
fpu_exception	: yes
cpuid level	: 13
wp		: yes
flags		: fpu vme de pse tsc msr pae mce cx8 apic sep mtrr pge mca cmov pat pse36 clflush dts acpi mmx fxsr sse sse2 ss ht tm pbe syscall nx rdtscp lm constant_tsc arch_perfmon pebs bts rep_good nopl xtopology nonstop_tsc aperfmperf eagerfpu pni pclmulqdq dtes64 monitor ds_cpl vmx est tm2 ssse3 cx16 xtpr pdcm pcid sse4_1 sse4_2 x2apic popcnt tsc_deadline_timer xsave avx lahf_lm arat epb xsaveopt pln pts dtherm tpr_shadow vnmi flexpriority ept vpid
bogomips	: 4390.19
clflush size	: 64
cache_alignment	: 64
address sizes	: 36 bits physical, 48 bits virtual
power management:

processor	: 3
vendor_id	: GenuineIntel
cpu family	: 6
model		: 42
model name	: Intel(R) Core(TM) i3-2328M CPU @ 2.20GHz
stepping	: 7
microcode	: 0x28
cpu MHz		: 799.992
cache size	: 3072 KB
physical id	: 0
siblings	: 4
core id		: 1
cpu cores	: 2
apicid		: 3
initial apicid	: 3
fpu		: yes
fpu_exception	: yes
cpuid level	: 13
wp		: yes
flags		: fpu vme de pse tsc msr pae mce cx8 apic sep mtrr pge mca cmov pat pse36 clflush dts acpi mmx fxsr sse sse2 ss ht tm pbe syscall nx rdtscp lm constant_tsc arch_perfmon pebs bts rep_good nopl xtopology nonstop_tsc aperfmperf eagerfpu pni pclmulqdq dtes64 monitor ds_cpl vmx est tm2 ssse3 cx16 xtpr pdcm pcid sse4_1 sse4_2 x2apic popcnt tsc_deadline_timer xsave avx lahf_lm arat epb xsaveopt pln pts dtherm tpr_shadow vnmi flexpriority ept vpid
bogomips	: 4390.19
clflush size	: 64
cache_alignment	: 64
address sizes	: 36 bits physical, 48 bits virtual
power management:



Memory: 4k page, physical 3921716k(129808k free), swap 4979708k(4403460k free)

vm_info: Java HotSpot(TM) 64-Bit Server VM (25.161-b12) for linux-amd64 JRE (1.8.0_161-b12), built on Dec 19 2017 16:12:43 by "java_re" with gcc 4.3.0 20080428 (Red Hat 4.3.0-8)

time: Thu Mar 15 14:00:13 2018
elapsed time: 68 seconds (0d 0h 1m 8s)

